<?xml version="1.0" encoding="UTF-8"?>
<coverage generated="1654777375855" clover="3.2.0">
  <project timestamp="1654777375855" name="All files">
    <metrics statements="477" coveredstatements="298" conditionals="54" coveredconditionals="24" methods="194" coveredmethods="97" elements="725" coveredelements="419" complexity="0" loc="477" ncloc="477" packages="5" files="24" classes="24"/>
    <package name="src">
      <metrics statements="2" coveredstatements="2" conditionals="0" coveredconditionals="0" methods="1" coveredmethods="1"/>
      <file name="App.js" path="/home/fani/Documents/REACT/FinalProject/agri-net/agri-info-frontend/web/src/App.js">
        <metrics statements="1" coveredstatements="1" conditionals="0" coveredconditionals="0" methods="1" coveredmethods="1"/>
        <line num="23" count="39" type="stmt"/>
      </file>
      <file name="httpbase.js" path="/home/fani/Documents/REACT/FinalProject/agri-net/agri-info-frontend/web/src/httpbase.js">
        <metrics statements="0" coveredstatements="0" conditionals="0" coveredconditionals="0" methods="0" coveredmethods="0"/>
      </file>
      <file name="index.js" path="/home/fani/Documents/REACT/FinalProject/agri-net/agri-info-frontend/web/src/index.js">
        <metrics statements="1" coveredstatements="1" conditionals="0" coveredconditionals="0" methods="0" coveredmethods="0"/>
        <line num="12" count="39" type="stmt"/>
      </file>
    </package>
    <package name="src.components">
      <metrics statements="5" coveredstatements="5" conditionals="4" coveredconditionals="2" methods="3" coveredmethods="1"/>
      <file name="Navbar.js" path="/home/fani/Documents/REACT/FinalProject/agri-net/agri-info-frontend/web/src/components/Navbar.js">
        <metrics statements="5" coveredstatements="5" conditionals="4" coveredconditionals="2" methods="3" coveredmethods="1"/>
        <line num="6" count="39" type="stmt"/>
        <line num="7" count="39" type="stmt"/>
        <line num="9" count="39" type="stmt"/>
        <line num="10" count="39" type="stmt"/>
        <line num="31" count="39" type="stmt"/>
      </file>
    </package>
    <package name="src.components.imports">
      <metrics statements="438" coveredstatements="268" conditionals="50" coveredconditionals="22" methods="164" coveredmethods="78"/>
      <file name="BrodReceived.js" path="/home/fani/Documents/REACT/FinalProject/agri-net/agri-info-frontend/web/src/components/imports/BrodReceived.js">
        <metrics statements="90" coveredstatements="34" conditionals="14" coveredconditionals="3" methods="28" coveredmethods="5"/>
        <line num="8" count="2" type="stmt"/>
        <line num="9" count="2" type="stmt"/>
        <line num="10" count="2" type="stmt"/>
        <line num="11" count="2" type="stmt"/>
        <line num="12" count="2" type="stmt"/>
        <line num="13" count="2" type="stmt"/>
        <line num="14" count="2" type="stmt"/>
        <line num="15" count="2" type="stmt"/>
        <line num="16" count="2" type="stmt"/>
        <line num="17" count="2" type="stmt"/>
        <line num="18" count="2" type="stmt"/>
        <line num="19" count="2" type="stmt"/>
        <line num="21" count="2" type="stmt"/>
        <line num="39" count="2" type="stmt"/>
        <line num="40" count="2" type="stmt"/>
        <line num="43" count="1" type="stmt"/>
        <line num="44" count="1" type="stmt"/>
        <line num="45" count="1" type="cond" truecount="1" falsecount="1"/>
        <line num="46" count="1" type="stmt"/>
        <line num="50" count="2" type="stmt"/>
        <line num="51" count="0" type="cond" truecount="0" falsecount="2"/>
        <line num="52" count="0" type="stmt"/>
        <line num="54" count="0" type="cond" truecount="0" falsecount="2"/>
        <line num="55" count="0" type="stmt"/>
        <line num="57" count="0" type="stmt"/>
        <line num="58" count="0" type="stmt"/>
        <line num="59" count="0" type="stmt"/>
        <line num="62" count="2" type="cond" truecount="1" falsecount="1"/>
        <line num="63" count="2" type="stmt"/>
        <line num="64" count="2" type="stmt"/>
        <line num="66" count="2" type="stmt"/>
        <line num="67" count="1" type="stmt"/>
        <line num="68" count="1" type="stmt"/>
        <line num="69" count="1" type="stmt"/>
        <line num="71" count="2" type="stmt"/>
        <line num="72" count="0" type="stmt"/>
        <line num="73" count="0" type="stmt"/>
        <line num="74" count="0" type="stmt"/>
        <line num="75" count="0" type="stmt"/>
        <line num="76" count="0" type="stmt"/>
        <line num="80" count="0" type="stmt"/>
        <line num="81" count="0" type="stmt"/>
        <line num="82" count="0" type="stmt"/>
        <line num="110" count="2" type="stmt"/>
        <line num="112" count="2" type="stmt"/>
        <line num="113" count="0" type="stmt"/>
        <line num="114" count="0" type="stmt"/>
        <line num="115" count="0" type="stmt"/>
        <line num="116" count="0" type="stmt"/>
        <line num="122" count="0" type="stmt"/>
        <line num="124" count="0" type="stmt"/>
        <line num="128" count="0" type="stmt"/>
        <line num="129" count="0" type="stmt"/>
        <line num="131" count="0" type="stmt"/>
        <line num="132" count="0" type="stmt"/>
        <line num="134" count="0" type="stmt"/>
        <line num="139" count="0" type="stmt"/>
        <line num="140" count="0" type="stmt"/>
        <line num="148" count="0" type="stmt"/>
        <line num="153" count="0" type="stmt"/>
        <line num="154" count="0" type="stmt"/>
        <line num="160" count="0" type="stmt"/>
        <line num="164" count="2" type="stmt"/>
        <line num="165" count="0" type="stmt"/>
        <line num="166" count="0" type="cond" truecount="0" falsecount="4"/>
        <line num="170" count="0" type="stmt"/>
        <line num="176" count="0" type="stmt"/>
        <line num="182" count="0" type="stmt"/>
        <line num="188" count="0" type="stmt"/>
        <line num="194" count="0" type="stmt"/>
        <line num="196" count="0" type="stmt"/>
        <line num="202" count="0" type="stmt"/>
        <line num="204" count="0" type="stmt"/>
        <line num="207" count="0" type="stmt"/>
        <line num="210" count="0" type="stmt"/>
        <line num="215" count="0" type="stmt"/>
        <line num="216" count="0" type="stmt"/>
        <line num="223" count="0" type="stmt"/>
        <line num="230" count="0" type="stmt"/>
        <line num="232" count="0" type="stmt"/>
        <line num="233" count="0" type="stmt"/>
        <line num="236" count="0" type="stmt"/>
        <line num="241" count="0" type="stmt"/>
        <line num="246" count="0" type="stmt"/>
        <line num="248" count="0" type="stmt"/>
        <line num="251" count="0" type="stmt"/>
        <line num="254" count="0" type="stmt"/>
        <line num="260" count="2" type="stmt"/>
        <line num="261" count="2" type="stmt"/>
        <line num="262" count="2" type="stmt"/>
      </file>
      <file name="HeaderBrod.js" path="/home/fani/Documents/REACT/FinalProject/agri-net/agri-info-frontend/web/src/components/imports/HeaderBrod.js">
        <metrics statements="2" coveredstatements="2" conditionals="0" coveredconditionals="0" methods="1" coveredmethods="1"/>
        <line num="5" count="39" type="stmt"/>
        <line num="6" count="2" type="stmt"/>
      </file>
      <file name="HeaderInfo.js" path="/home/fani/Documents/REACT/FinalProject/agri-net/agri-info-frontend/web/src/components/imports/HeaderInfo.js">
        <metrics statements="2" coveredstatements="2" conditionals="0" coveredconditionals="0" methods="1" coveredmethods="1"/>
        <line num="5" count="39" type="stmt"/>
        <line num="6" count="24" type="stmt"/>
      </file>
      <file name="HeaderSuper.js" path="/home/fani/Documents/REACT/FinalProject/agri-net/agri-info-frontend/web/src/components/imports/HeaderSuper.js">
        <metrics statements="2" coveredstatements="2" conditionals="0" coveredconditionals="0" methods="1" coveredmethods="1"/>
        <line num="6" count="39" type="stmt"/>
        <line num="7" count="26" type="stmt"/>
      </file>
      <file name="LoginPageImp.js" path="/home/fani/Documents/REACT/FinalProject/agri-net/agri-info-frontend/web/src/components/imports/LoginPageImp.js">
        <metrics statements="48" coveredstatements="34" conditionals="12" coveredconditionals="4" methods="8" coveredmethods="6"/>
        <line num="12" count="39" type="stmt"/>
        <line num="13" count="39" type="stmt"/>
        <line num="14" count="39" type="stmt"/>
        <line num="15" count="39" type="stmt"/>
        <line num="16" count="39" type="stmt"/>
        <line num="33" count="39" type="stmt"/>
        <line num="106" count="197" type="stmt"/>
        <line num="113" count="990" type="stmt"/>
        <line num="119" count="39" type="stmt"/>
        <line num="120" count="39" type="stmt"/>
        <line num="125" count="39" type="stmt"/>
        <line num="128" count="39" type="stmt"/>
        <line num="130" count="37" type="stmt"/>
        <line num="132" count="37" type="cond" truecount="1" falsecount="1"/>
        <line num="133" count="37" type="stmt"/>
        <line num="163" count="37" type="stmt"/>
        <line num="164" count="37" type="stmt"/>
        <line num="165" count="37" type="stmt"/>
        <line num="166" count="37" type="stmt"/>
        <line num="167" count="37" type="stmt"/>
        <line num="168" count="37" type="stmt"/>
        <line num="169" count="37" type="stmt"/>
        <line num="170" count="37" type="stmt"/>
        <line num="173" count="37" type="cond" truecount="2" falsecount="0"/>
        <line num="175" count="22" type="stmt"/>
        <line num="177" count="15" type="cond" truecount="1" falsecount="1"/>
        <line num="179" count="15" type="stmt"/>
        <line num="182" count="0" type="cond" truecount="0" falsecount="2"/>
        <line num="183" count="0" type="stmt"/>
        <line num="185" count="0" type="cond" truecount="0" falsecount="2"/>
        <line num="186" count="0" type="stmt"/>
        <line num="188" count="0" type="cond" truecount="0" falsecount="2"/>
        <line num="189" count="0" type="stmt"/>
        <line num="192" count="0" type="stmt"/>
        <line num="194" count="37" type="stmt"/>
        <line num="195" count="37" type="stmt"/>
        <line num="196" count="37" type="stmt"/>
        <line num="199" count="0" type="stmt"/>
        <line num="204" count="0" type="stmt"/>
        <line num="205" count="0" type="stmt"/>
        <line num="209" count="0" type="stmt"/>
        <line num="213" count="0" type="stmt"/>
        <line num="214" count="0" type="stmt"/>
        <line num="219" count="0" type="stmt"/>
        <line num="244" count="1263" type="stmt"/>
        <line num="245" count="1263" type="stmt"/>
        <line num="246" count="1263" type="stmt"/>
        <line num="247" count="1263" type="stmt"/>
      </file>
      <file name="ProductComponent.js" path="/home/fani/Documents/REACT/FinalProject/agri-net/agri-info-frontend/web/src/components/imports/ProductComponent.js">
        <metrics statements="33" coveredstatements="27" conditionals="2" coveredconditionals="1" methods="14" coveredmethods="9"/>
        <line num="9" count="4" type="stmt"/>
        <line num="10" count="4" type="stmt"/>
        <line num="11" count="4" type="stmt"/>
        <line num="13" count="4" type="stmt"/>
        <line num="14" count="4" type="stmt"/>
        <line num="16" count="4" type="stmt"/>
        <line num="34" count="4" type="stmt"/>
        <line num="35" count="4" type="stmt"/>
        <line num="36" count="4" type="stmt"/>
        <line num="56" count="8" type="stmt"/>
        <line num="58" count="8" type="stmt"/>
        <line num="59" count="8" type="stmt"/>
        <line num="78" count="4" type="stmt"/>
        <line num="80" count="4" type="stmt"/>
        <line num="95" count="4" type="stmt"/>
        <line num="96" count="4" type="stmt"/>
        <line num="97" count="4" type="stmt"/>
        <line num="102" count="0" type="stmt"/>
        <line num="107" count="4" type="stmt"/>
        <line num="114" count="4" type="stmt"/>
        <line num="117" count="4" type="stmt"/>
        <line num="118" count="4" type="stmt"/>
        <line num="119" count="4" type="stmt"/>
        <line num="126" count="4" type="stmt"/>
        <line num="127" count="4" type="stmt"/>
        <line num="136" count="0" type="stmt"/>
        <line num="141" count="0" type="stmt"/>
        <line num="143" count="0" type="stmt"/>
        <line num="144" count="0" type="stmt"/>
        <line num="147" count="0" type="stmt"/>
        <line num="152" count="20" type="stmt"/>
        <line num="153" count="20" type="stmt"/>
        <line num="158" count="20" type="stmt"/>
      </file>
      <file name="Products.js" path="/home/fani/Documents/REACT/FinalProject/agri-net/agri-info-frontend/web/src/components/imports/Products.js">
        <metrics statements="39" coveredstatements="31" conditionals="4" coveredconditionals="4" methods="18" coveredmethods="12"/>
        <line num="9" count="24" type="stmt"/>
        <line num="10" count="24" type="stmt"/>
        <line num="11" count="24" type="stmt"/>
        <line num="12" count="24" type="stmt"/>
        <line num="13" count="24" type="stmt"/>
        <line num="14" count="24" type="stmt"/>
        <line num="15" count="24" type="stmt"/>
        <line num="18" count="24" type="stmt"/>
        <line num="59" count="24" type="stmt"/>
        <line num="60" count="24" type="stmt"/>
        <line num="61" count="24" type="stmt"/>
        <line num="62" count="24" type="stmt"/>
        <line num="65" count="24" type="stmt"/>
        <line num="69" count="8" type="stmt"/>
        <line num="71" count="8" type="stmt"/>
        <line num="77" count="24" type="stmt"/>
        <line num="79" count="20" type="stmt"/>
        <line num="85" count="20" type="stmt"/>
        <line num="86" count="20" type="stmt"/>
        <line num="89" count="0" type="stmt"/>
        <line num="94" count="0" type="stmt"/>
        <line num="95" count="0" type="stmt"/>
        <line num="102" count="8" type="stmt"/>
        <line num="109" count="0" type="stmt"/>
        <line num="111" count="0" type="stmt"/>
        <line num="112" count="0" type="stmt"/>
        <line num="115" count="0" type="stmt"/>
        <line num="120" count="6" type="stmt"/>
        <line num="125" count="6" type="stmt"/>
        <line num="127" count="6" type="stmt"/>
        <line num="133" count="6" type="stmt"/>
        <line num="136" count="0" type="stmt"/>
        <line num="141" count="72" type="stmt"/>
        <line num="142" count="72" type="stmt"/>
        <line num="143" count="72" type="stmt"/>
        <line num="144" count="72" type="stmt"/>
        <line num="145" count="72" type="stmt"/>
        <line num="197" count="346" type="stmt"/>
        <line num="201" count="8" type="stmt"/>
      </file>
      <file name="ProductsSuper.js" path="/home/fani/Documents/REACT/FinalProject/agri-net/agri-info-frontend/web/src/components/imports/ProductsSuper.js">
        <metrics statements="35" coveredstatements="18" conditionals="4" coveredconditionals="1" methods="18" coveredmethods="5"/>
        <line num="9" count="15" type="stmt"/>
        <line num="10" count="15" type="stmt"/>
        <line num="11" count="15" type="stmt"/>
        <line num="12" count="15" type="stmt"/>
        <line num="13" count="15" type="stmt"/>
        <line num="14" count="15" type="stmt"/>
        <line num="15" count="15" type="stmt"/>
        <line num="17" count="15" type="stmt"/>
        <line num="58" count="15" type="stmt"/>
        <line num="59" count="15" type="stmt"/>
        <line num="60" count="15" type="stmt"/>
        <line num="64" count="0" type="stmt"/>
        <line num="66" count="0" type="stmt"/>
        <line num="72" count="15" type="stmt"/>
        <line num="74" count="15" type="stmt"/>
        <line num="77" count="15" type="stmt"/>
        <line num="80" count="0" type="stmt"/>
        <line num="85" count="0" type="stmt"/>
        <line num="86" count="0" type="stmt"/>
        <line num="93" count="0" type="stmt"/>
        <line num="100" count="0" type="stmt"/>
        <line num="102" count="0" type="stmt"/>
        <line num="103" count="0" type="stmt"/>
        <line num="106" count="0" type="stmt"/>
        <line num="111" count="0" type="stmt"/>
        <line num="116" count="0" type="stmt"/>
        <line num="118" count="0" type="stmt"/>
        <line num="124" count="0" type="stmt"/>
        <line num="127" count="0" type="stmt"/>
        <line num="132" count="15" type="stmt"/>
        <line num="133" count="15" type="stmt"/>
        <line num="134" count="15" type="stmt"/>
        <line num="135" count="15" type="stmt"/>
        <line num="183" count="0" type="stmt"/>
        <line num="187" count="0" type="stmt"/>
      </file>
      <file name="SuperAdminAddPr.js" path="/home/fani/Documents/REACT/FinalProject/agri-net/agri-info-frontend/web/src/components/imports/SuperAdminAddPr.js">
        <metrics statements="23" coveredstatements="18" conditionals="2" coveredconditionals="1" methods="10" coveredmethods="7"/>
        <line num="11" count="2" type="stmt"/>
        <line num="12" count="2" type="stmt"/>
        <line num="13" count="2" type="stmt"/>
        <line num="14" count="2" type="stmt"/>
        <line num="16" count="2" type="stmt"/>
        <line num="17" count="2" type="stmt"/>
        <line num="18" count="2" type="stmt"/>
        <line num="21" count="2" type="stmt"/>
        <line num="42" count="14" type="stmt"/>
        <line num="130" count="2" type="stmt"/>
        <line num="188" count="10" type="stmt"/>
        <line num="244" count="8" type="stmt"/>
        <line num="254" count="2" type="stmt"/>
        <line num="267" count="2" type="stmt"/>
        <line num="268" count="2" type="stmt"/>
        <line num="269" count="2" type="stmt"/>
        <line num="271" count="2" type="stmt"/>
        <line num="273" count="0" type="stmt"/>
        <line num="274" count="0" type="stmt"/>
        <line num="307" count="0" type="stmt"/>
        <line num="311" count="0" type="stmt"/>
        <line num="318" count="0" type="stmt"/>
        <line num="340" count="36" type="stmt"/>
      </file>
      <file name="SuperAdminDictionary.js" path="/home/fani/Documents/REACT/FinalProject/agri-net/agri-info-frontend/web/src/components/imports/SuperAdminDictionary.js">
        <metrics statements="64" coveredstatements="39" conditionals="4" coveredconditionals="4" methods="23" coveredmethods="13"/>
        <line num="12" count="5" type="stmt"/>
        <line num="14" count="5" type="stmt"/>
        <line num="15" count="5" type="stmt"/>
        <line num="16" count="5" type="stmt"/>
        <line num="17" count="5" type="stmt"/>
        <line num="18" count="5" type="stmt"/>
        <line num="19" count="5" type="stmt"/>
        <line num="20" count="5" type="stmt"/>
        <line num="21" count="5" type="stmt"/>
        <line num="22" count="5" type="stmt"/>
        <line num="23" count="5" type="stmt"/>
        <line num="25" count="5" type="stmt"/>
        <line num="54" count="5" type="stmt"/>
        <line num="55" count="5" type="stmt"/>
        <line num="63" count="0" type="stmt"/>
        <line num="71" count="2" type="stmt"/>
        <line num="82" count="22" type="stmt"/>
        <line num="91" count="22" type="stmt"/>
        <line num="97" count="0" type="stmt"/>
        <line num="98" count="0" type="stmt"/>
        <line num="105" count="1" type="stmt"/>
        <line num="113" count="5" type="stmt"/>
        <line num="114" count="5" type="stmt"/>
        <line num="115" count="5" type="stmt"/>
        <line num="117" count="5" type="stmt"/>
        <line num="122" count="5" type="stmt"/>
        <line num="125" count="0" type="stmt"/>
        <line num="131" count="2" type="stmt"/>
        <line num="132" count="2" type="stmt"/>
        <line num="145" count="2" type="stmt"/>
        <line num="146" count="2" type="stmt"/>
        <line num="147" count="2" type="stmt"/>
        <line num="149" count="2" type="stmt"/>
        <line num="151" count="2" type="stmt"/>
        <line num="152" count="2" type="stmt"/>
        <line num="178" count="2" type="stmt"/>
        <line num="182" count="0" type="stmt"/>
        <line num="189" count="0" type="stmt"/>
        <line num="194" count="0" type="stmt"/>
        <line num="199" count="0" type="stmt"/>
        <line num="201" count="0" type="stmt"/>
        <line num="202" count="0" type="stmt"/>
        <line num="204" count="0" type="stmt"/>
        <line num="206" count="0" type="stmt"/>
        <line num="207" count="0" type="stmt"/>
        <line num="233" count="0" type="stmt"/>
        <line num="236" count="0" type="stmt"/>
        <line num="243" count="0" type="stmt"/>
        <line num="250" count="0" type="stmt"/>
        <line num="251" count="0" type="stmt"/>
        <line num="252" count="0" type="stmt"/>
        <line num="253" count="0" type="stmt"/>
        <line num="254" count="0" type="stmt"/>
        <line num="256" count="0" type="stmt"/>
        <line num="258" count="0" type="stmt"/>
        <line num="259" count="0" type="stmt"/>
        <line num="263" count="0" type="stmt"/>
        <line num="268" count="59" type="stmt"/>
        <line num="269" count="59" type="stmt"/>
        <line num="270" count="59" type="stmt"/>
        <line num="271" count="59" type="stmt"/>
        <line num="274" count="59" type="stmt"/>
        <line num="392" count="370" type="stmt"/>
        <line num="396" count="1" type="stmt"/>
      </file>
      <file name="SuperAdminDictionaryEdit.js" path="/home/fani/Documents/REACT/FinalProject/agri-net/agri-info-frontend/web/src/components/imports/SuperAdminDictionaryEdit.js">
        <metrics statements="33" coveredstatements="22" conditionals="2" coveredconditionals="1" methods="13" coveredmethods="6"/>
        <line num="10" count="1" type="stmt"/>
        <line num="11" count="1" type="stmt"/>
        <line num="12" count="1" type="stmt"/>
        <line num="13" count="1" type="stmt"/>
        <line num="14" count="1" type="stmt"/>
        <line num="15" count="1" type="stmt"/>
        <line num="16" count="1" type="stmt"/>
        <line num="19" count="1" type="stmt"/>
        <line num="33" count="1" type="stmt"/>
        <line num="42" count="0" type="stmt"/>
        <line num="43" count="0" type="stmt"/>
        <line num="58" count="0" type="stmt"/>
        <line num="65" count="14" type="stmt"/>
        <line num="90" count="1" type="stmt"/>
        <line num="105" count="1" type="stmt"/>
        <line num="118" count="1" type="stmt"/>
        <line num="131" count="1" type="stmt"/>
        <line num="134" count="1" type="stmt"/>
        <line num="135" count="1" type="stmt"/>
        <line num="136" count="1" type="stmt"/>
        <line num="143" count="0" type="stmt"/>
        <line num="144" count="0" type="stmt"/>
        <line num="153" count="0" type="stmt"/>
        <line num="158" count="0" type="stmt"/>
        <line num="159" count="0" type="stmt"/>
        <line num="161" count="0" type="stmt"/>
        <line num="162" count="0" type="stmt"/>
        <line num="165" count="0" type="stmt"/>
        <line num="170" count="16" type="stmt"/>
        <line num="171" count="16" type="stmt"/>
        <line num="172" count="16" type="stmt"/>
        <line num="173" count="16" type="stmt"/>
        <line num="178" count="16" type="stmt"/>
      </file>
      <file name="SuperAdminRegisterAdmin.js" path="/home/fani/Documents/REACT/FinalProject/agri-net/agri-info-frontend/web/src/components/imports/SuperAdminRegisterAdmin.js">
        <metrics statements="25" coveredstatements="21" conditionals="2" coveredconditionals="1" methods="9" coveredmethods="6"/>
        <line num="12" count="2" type="stmt"/>
        <line num="13" count="2" type="stmt"/>
        <line num="14" count="2" type="stmt"/>
        <line num="16" count="2" type="stmt"/>
        <line num="18" count="2" type="stmt"/>
        <line num="19" count="2" type="stmt"/>
        <line num="34" count="2" type="stmt"/>
        <line num="58" count="14" type="stmt"/>
        <line num="64" count="14" type="stmt"/>
        <line num="77" count="44" type="stmt"/>
        <line num="90" count="2" type="stmt"/>
        <line num="91" count="2" type="stmt"/>
        <line num="92" count="2" type="stmt"/>
        <line num="93" count="2" type="stmt"/>
        <line num="103" count="2" type="stmt"/>
        <line num="105" count="2" type="stmt"/>
        <line num="106" count="2" type="stmt"/>
        <line num="108" count="2" type="stmt"/>
        <line num="110" count="0" type="stmt"/>
        <line num="137" count="0" type="stmt"/>
        <line num="140" count="0" type="stmt"/>
        <line num="145" count="0" type="stmt"/>
        <line num="180" count="74" type="stmt"/>
        <line num="181" count="74" type="stmt"/>
        <line num="182" count="74" type="stmt"/>
      </file>
      <file name="SuperControlAdmin.js" path="/home/fani/Documents/REACT/FinalProject/agri-net/agri-info-frontend/web/src/components/imports/SuperControlAdmin.js">
        <metrics statements="42" coveredstatements="18" conditionals="4" coveredconditionals="2" methods="20" coveredmethods="6"/>
        <line num="11" count="6" type="stmt"/>
        <line num="12" count="6" type="stmt"/>
        <line num="13" count="6" type="stmt"/>
        <line num="14" count="6" type="stmt"/>
        <line num="15" count="6" type="stmt"/>
        <line num="16" count="6" type="stmt"/>
        <line num="17" count="6" type="stmt"/>
        <line num="18" count="6" type="stmt"/>
        <line num="20" count="6" type="stmt"/>
        <line num="59" count="6" type="stmt"/>
        <line num="60" count="6" type="stmt"/>
        <line num="64" count="0" type="stmt"/>
        <line num="66" count="0" type="stmt"/>
        <line num="72" count="6" type="stmt"/>
        <line num="74" count="6" type="stmt"/>
        <line num="77" count="6" type="stmt"/>
        <line num="80" count="0" type="stmt"/>
        <line num="85" count="0" type="stmt"/>
        <line num="86" count="0" type="stmt"/>
        <line num="93" count="0" type="stmt"/>
        <line num="100" count="0" type="stmt"/>
        <line num="102" count="0" type="stmt"/>
        <line num="103" count="0" type="stmt"/>
        <line num="106" count="0" type="stmt"/>
        <line num="111" count="0" type="stmt"/>
        <line num="116" count="0" type="stmt"/>
        <line num="118" count="0" type="stmt"/>
        <line num="121" count="0" type="stmt"/>
        <line num="124" count="0" type="stmt"/>
        <line num="129" count="0" type="stmt"/>
        <line num="130" count="0" type="stmt"/>
        <line num="131" count="0" type="stmt"/>
        <line num="133" count="0" type="stmt"/>
        <line num="137" count="0" type="stmt"/>
        <line num="138" count="0" type="stmt"/>
        <line num="139" count="0" type="stmt"/>
        <line num="142" count="0" type="stmt"/>
        <line num="147" count="10" type="stmt"/>
        <line num="148" count="10" type="stmt"/>
        <line num="151" count="10" type="stmt"/>
        <line num="190" count="12" type="stmt"/>
        <line num="194" count="0" type="stmt"/>
      </file>
    </package>
    <package name="src.components.pages">
      <metrics statements="12" coveredstatements="12" conditionals="0" coveredconditionals="0" methods="6" coveredmethods="6"/>
      <file name="BroadcastRec.js" path="/home/fani/Documents/REACT/FinalProject/agri-net/agri-info-frontend/web/src/components/pages/BroadcastRec.js">
        <metrics statements="2" coveredstatements="2" conditionals="0" coveredconditionals="0" methods="1" coveredmethods="1"/>
        <line num="6" count="39" type="stmt"/>
        <line num="7" count="2" type="stmt"/>
      </file>
      <file name="InfoAdmin.js" path="/home/fani/Documents/REACT/FinalProject/agri-net/agri-info-frontend/web/src/components/pages/InfoAdmin.js">
        <metrics statements="2" coveredstatements="2" conditionals="0" coveredconditionals="0" methods="1" coveredmethods="1"/>
        <line num="5" count="39" type="stmt"/>
        <line num="6" count="24" type="stmt"/>
      </file>
      <file name="LoginPage.js" path="/home/fani/Documents/REACT/FinalProject/agri-net/agri-info-frontend/web/src/components/pages/LoginPage.js">
        <metrics statements="2" coveredstatements="2" conditionals="0" coveredconditionals="0" methods="1" coveredmethods="1"/>
        <line num="5" count="39" type="stmt"/>
        <line num="6" count="39" type="stmt"/>
      </file>
      <file name="SuperAdminDictionary.js" path="/home/fani/Documents/REACT/FinalProject/agri-net/agri-info-frontend/web/src/components/pages/SuperAdminDictionary.js">
        <metrics statements="2" coveredstatements="2" conditionals="0" coveredconditionals="0" methods="1" coveredmethods="1"/>
        <line num="5" count="39" type="stmt"/>
        <line num="6" count="5" type="stmt"/>
      </file>
      <file name="SuperAdminProd.js" path="/home/fani/Documents/REACT/FinalProject/agri-net/agri-info-frontend/web/src/components/pages/SuperAdminProd.js">
        <metrics statements="2" coveredstatements="2" conditionals="0" coveredconditionals="0" methods="1" coveredmethods="1"/>
        <line num="5" count="39" type="stmt"/>
        <line num="6" count="15" type="stmt"/>
      </file>
      <file name="SuperControlAdmins.js" path="/home/fani/Documents/REACT/FinalProject/agri-net/agri-info-frontend/web/src/components/pages/SuperControlAdmins.js">
        <metrics statements="2" coveredstatements="2" conditionals="0" coveredconditionals="0" methods="1" coveredmethods="1"/>
        <line num="5" count="39" type="stmt"/>
        <line num="6" count="6" type="stmt"/>
      </file>
    </package>
    <package name="src.services">
      <metrics statements="20" coveredstatements="11" conditionals="0" coveredconditionals="0" methods="20" coveredmethods="11"/>
      <file name="prodcutService.js" path="/home/fani/Documents/REACT/FinalProject/agri-net/agri-info-frontend/web/src/services/prodcutService.js">
        <metrics statements="20" coveredstatements="11" conditionals="0" coveredconditionals="0" methods="20" coveredmethods="11"/>
        <line num="8" count="39" type="stmt"/>
        <line num="15" count="0" type="stmt"/>
        <line num="19" count="39" type="stmt"/>
        <line num="23" count="4" type="stmt"/>
        <line num="31" count="2" type="stmt"/>
        <line num="39" count="4" type="stmt"/>
        <line num="54" count="0" type="stmt"/>
        <line num="59" count="0" type="stmt"/>
        <line num="63" count="6" type="stmt"/>
        <line num="69" count="6" type="stmt"/>
        <line num="73" count="0" type="stmt"/>
        <line num="81" count="2" type="stmt"/>
        <line num="101" count="2" type="stmt"/>
        <line num="111" count="0" type="stmt"/>
        <line num="121" count="5" type="stmt"/>
        <line num="131" count="0" type="stmt"/>
        <line num="141" count="1" type="stmt"/>
        <line num="160" count="0" type="stmt"/>
        <line num="178" count="0" type="stmt"/>
        <line num="188" count="0" type="stmt"/>
      </file>
    </package>
  </project>
</coverage>
