{"/home/fani/Documents/REACT/FinalProject/agri-net/agri-info-frontend/web/src/App.js": {"path":"/home/fani/Documents/REACT/FinalProject/agri-net/agri-info-frontend/web/src/App.js","statementMap":{"0":{"start":{"line":23,"column":2},"end":{"line":46,"column":4}}},"fnMap":{"0":{"name":"App","decl":{"start":{"line":22,"column":9},"end":{"line":22,"column":12}},"loc":{"start":{"line":22,"column":15},"end":{"line":47,"column":1}},"line":22}},"branchMap":{},"s":{"0":39},"f":{"0":39},"b":{},"_coverageSchema":"1a1c01bbd47fc00a2c39e90264f33305004495a9","hash":"a6e6a95881a6cfef7a3945740f5c83ad92452677"}
,"/home/fani/Documents/REACT/FinalProject/agri-net/agri-info-frontend/web/src/httpbase.js": {"path":"/home/fani/Documents/REACT/FinalProject/agri-net/agri-info-frontend/web/src/httpbase.js","statementMap":{},"fnMap":{},"branchMap":{},"s":{},"f":{},"b":{},"_coverageSchema":"1a1c01bbd47fc00a2c39e90264f33305004495a9","hash":"68531874e3cfb9f78915a1e7566a06f8d4d5a1a2"}
,"/home/fani/Documents/REACT/FinalProject/agri-net/agri-info-frontend/web/src/index.js": {"path":"/home/fani/Documents/REACT/FinalProject/agri-net/agri-info-frontend/web/src/index.js","statementMap":{"0":{"start":{"line":12,"column":1},"end":{"line":12,"column":59}}},"fnMap":{},"branchMap":{},"s":{"0":39},"f":{},"b":{},"_coverageSchema":"1a1c01bbd47fc00a2c39e90264f33305004495a9","hash":"00038ddad027b0e32ac63e6d3160fab89c9e10aa"}
,"/home/fani/Documents/REACT/FinalProject/agri-net/agri-info-frontend/web/src/components/Navbar.js": {"path":"/home/fani/Documents/REACT/FinalProject/agri-net/agri-info-frontend/web/src/components/Navbar.js","statementMap":{"0":{"start":{"line":6,"column":28},"end":{"line":6,"column":43}},"1":{"start":{"line":7,"column":34},"end":{"line":7,"column":49}},"2":{"start":{"line":9,"column":22},"end":{"line":9,"column":44}},"3":{"start":{"line":9,"column":28},"end":{"line":9,"column":44}},"4":{"start":{"line":10,"column":26},"end":{"line":10,"column":47}},"5":{"start":{"line":10,"column":32},"end":{"line":10,"column":47}},"6":{"start":{"line":31,"column":2},"end":{"line":77,"column":4}}},"fnMap":{"0":{"name":"Navbar","decl":{"start":{"line":5,"column":9},"end":{"line":5,"column":15}},"loc":{"start":{"line":5,"column":18},"end":{"line":78,"column":1}},"line":5},"1":{"name":"(anonymous_1)","decl":{"start":{"line":9,"column":22},"end":{"line":9,"column":23}},"loc":{"start":{"line":9,"column":28},"end":{"line":9,"column":44}},"line":9},"2":{"name":"(anonymous_2)","decl":{"start":{"line":10,"column":26},"end":{"line":10,"column":27}},"loc":{"start":{"line":10,"column":32},"end":{"line":10,"column":47}},"line":10}},"branchMap":{"0":{"loc":{"start":{"line":39,"column":24},"end":{"line":39,"column":62}},"type":"cond-expr","locations":[{"start":{"line":39,"column":32},"end":{"line":39,"column":46}},{"start":{"line":39,"column":49},"end":{"line":39,"column":62}}],"line":39},"1":{"loc":{"start":{"line":41,"column":23},"end":{"line":41,"column":61}},"type":"cond-expr","locations":[{"start":{"line":41,"column":31},"end":{"line":41,"column":48}},{"start":{"line":41,"column":51},"end":{"line":41,"column":61}}],"line":41}},"s":{"0":39,"1":39,"2":39,"3":0,"4":39,"5":0,"6":39},"f":{"0":39,"1":0,"2":0},"b":{"0":[0,39],"1":[0,39]},"_coverageSchema":"1a1c01bbd47fc00a2c39e90264f33305004495a9","hash":"54486b234f6af17967eb08c37eabb5ec4ab5f5df"}
,"/home/fani/Documents/REACT/FinalProject/agri-net/agri-info-frontend/web/src/components/imports/BrodReceived.js": {"path":"/home/fani/Documents/REACT/FinalProject/agri-net/agri-info-frontend/web/src/components/imports/BrodReceived.js","statementMap":{"0":{"start":{"line":8,"column":4},"end":{"line":8,"column":17}},"1":{"start":{"line":9,"column":4},"end":{"line":9,"column":71}},"2":{"start":{"line":10,"column":4},"end":{"line":10,"column":59}},"3":{"start":{"line":11,"column":4},"end":{"line":11,"column":51}},"4":{"start":{"line":12,"column":4},"end":{"line":12,"column":61}},"5":{"start":{"line":13,"column":4},"end":{"line":13,"column":61}},"6":{"start":{"line":14,"column":4},"end":{"line":14,"column":55}},"7":{"start":{"line":15,"column":4},"end":{"line":15,"column":75}},"8":{"start":{"line":16,"column":4},"end":{"line":16,"column":69}},"9":{"start":{"line":17,"column":4},"end":{"line":17,"column":53}},"10":{"start":{"line":18,"column":4},"end":{"line":18,"column":53}},"11":{"start":{"line":19,"column":4},"end":{"line":19,"column":43}},"12":{"start":{"line":21,"column":4},"end":{"line":34,"column":6}},"13":{"start":{"line":39,"column":14},"end":{"line":39,"column":44}},"14":{"start":{"line":40,"column":14},"end":{"line":40,"column":44}},"15":{"start":{"line":43,"column":23},"end":{"line":43,"column":78}},"16":{"start":{"line":44,"column":8},"end":{"line":44,"column":30}},"17":{"start":{"line":45,"column":8},"end":{"line":47,"column":9}},"18":{"start":{"line":46,"column":12},"end":{"line":46,"column":64}},"19":{"start":{"line":50,"column":4},"end":{"line":60,"column":6}},"20":{"start":{"line":51,"column":8},"end":{"line":53,"column":9}},"21":{"start":{"line":52,"column":12},"end":{"line":52,"column":25}},"22":{"start":{"line":54,"column":8},"end":{"line":56,"column":9}},"23":{"start":{"line":55,"column":12},"end":{"line":55,"column":25}},"24":{"start":{"line":57,"column":8},"end":{"line":57,"column":29}},"25":{"start":{"line":58,"column":8},"end":{"line":58,"column":23}},"26":{"start":{"line":59,"column":8},"end":{"line":59,"column":21}},"27":{"start":{"line":62,"column":4},"end":{"line":83,"column":5}},"28":{"start":{"line":63,"column":18},"end":{"line":63,"column":27}},"29":{"start":{"line":64,"column":8},"end":{"line":64,"column":80}},"30":{"start":{"line":66,"column":8},"end":{"line":70,"column":10}},"31":{"start":{"line":67,"column":23},"end":{"line":67,"column":52}},"32":{"start":{"line":68,"column":12},"end":{"line":68,"column":57}},"33":{"start":{"line":69,"column":12},"end":{"line":69,"column":28}},"34":{"start":{"line":71,"column":8},"end":{"line":78,"column":10}},"35":{"start":{"line":72,"column":27},"end":{"line":72,"column":47}},"36":{"start":{"line":73,"column":12},"end":{"line":77,"column":13}},"37":{"start":{"line":73,"column":25},"end":{"line":73,"column":26}},"38":{"start":{"line":74,"column":27},"end":{"line":74,"column":56}},"39":{"start":{"line":75,"column":16},"end":{"line":75,"column":45}},"40":{"start":{"line":76,"column":16},"end":{"line":76,"column":32}},"41":{"start":{"line":80,"column":19},"end":{"line":80,"column":48}},"42":{"start":{"line":81,"column":8},"end":{"line":81,"column":76}},"43":{"start":{"line":82,"column":8},"end":{"line":82,"column":24}},"44":{"start":{"line":110,"column":12},"end":{"line":110,"column":15}},"45":{"start":{"line":112,"column":12},"end":{"line":162,"column":3}},"46":{"start":{"line":113,"column":16},"end":{"line":113,"column":28}},"47":{"start":{"line":114,"column":13},"end":{"line":114,"column":22}},"48":{"start":{"line":115,"column":4},"end":{"line":115,"column":23}},"49":{"start":{"line":116,"column":13},"end":{"line":116,"column":77}},"50":{"start":{"line":122,"column":4},"end":{"line":122,"column":20}},"51":{"start":{"line":124,"column":15},"end":{"line":124,"column":19}},"52":{"start":{"line":128,"column":4},"end":{"line":136,"column":6}},"53":{"start":{"line":129,"column":6},"end":{"line":129,"column":56}},"54":{"start":{"line":131,"column":6},"end":{"line":131,"column":34}},"55":{"start":{"line":132,"column":6},"end":{"line":132,"column":40}},"56":{"start":{"line":134,"column":6},"end":{"line":134,"column":25}},"57":{"start":{"line":139,"column":4},"end":{"line":150,"column":6}},"58":{"start":{"line":140,"column":6},"end":{"line":146,"column":8}},"59":{"start":{"line":148,"column":6},"end":{"line":148,"column":49}},"60":{"start":{"line":153,"column":4},"end":{"line":161,"column":6}},"61":{"start":{"line":154,"column":6},"end":{"line":158,"column":8}},"62":{"start":{"line":160,"column":6},"end":{"line":160,"column":17}},"63":{"start":{"line":164,"column":10},"end":{"line":167,"column":3}},"64":{"start":{"line":165,"column":19},"end":{"line":165,"column":29}},"65":{"start":{"line":166,"column":4},"end":{"line":166,"column":65}},"66":{"start":{"line":166,"column":50},"end":{"line":166,"column":65}},"67":{"start":{"line":170,"column":4},"end":{"line":172,"column":7}},"68":{"start":{"line":176,"column":4},"end":{"line":178,"column":7}},"69":{"start":{"line":182,"column":4},"end":{"line":184,"column":7}},"70":{"start":{"line":188,"column":4},"end":{"line":190,"column":7}},"71":{"start":{"line":194,"column":26},"end":{"line":194,"column":40}},"72":{"start":{"line":196,"column":4},"end":{"line":198,"column":7}},"73":{"start":{"line":202,"column":4},"end":{"line":211,"column":9}},"74":{"start":{"line":204,"column":8},"end":{"line":206,"column":11}},"75":{"start":{"line":207,"column":8},"end":{"line":207,"column":35}},"76":{"start":{"line":210,"column":8},"end":{"line":210,"column":23}},"77":{"start":{"line":215,"column":4},"end":{"line":215,"column":27}},"78":{"start":{"line":216,"column":4},"end":{"line":219,"column":7}},"79":{"start":{"line":223,"column":4},"end":{"line":226,"column":7}},"80":{"start":{"line":230,"column":4},"end":{"line":237,"column":9}},"81":{"start":{"line":232,"column":8},"end":{"line":232,"column":35}},"82":{"start":{"line":233,"column":8},"end":{"line":233,"column":27}},"83":{"start":{"line":236,"column":8},"end":{"line":236,"column":23}},"84":{"start":{"line":241,"column":4},"end":{"line":244,"column":7}},"85":{"start":{"line":246,"column":4},"end":{"line":255,"column":9}},"86":{"start":{"line":248,"column":8},"end":{"line":250,"column":11}},"87":{"start":{"line":251,"column":8},"end":{"line":251,"column":35}},"88":{"start":{"line":254,"column":8},"end":{"line":254,"column":23}},"89":{"start":{"line":260,"column":6},"end":{"line":260,"column":16}},"90":{"start":{"line":261,"column":4},"end":{"line":261,"column":20}},"91":{"start":{"line":262,"column":4},"end":{"line":601,"column":6}}},"fnMap":{"0":{"name":"(anonymous_0)","decl":{"start":{"line":7,"column":2},"end":{"line":7,"column":3}},"loc":{"start":{"line":7,"column":21},"end":{"line":35,"column":3}},"line":7},"1":{"name":"(anonymous_1)","decl":{"start":{"line":37,"column":2},"end":{"line":37,"column":3}},"loc":{"start":{"line":37,"column":22},"end":{"line":87,"column":3}},"line":37},"2":{"name":"appendLog","decl":{"start":{"line":42,"column":13},"end":{"line":42,"column":22}},"loc":{"start":{"line":42,"column":29},"end":{"line":48,"column":5}},"line":42},"3":{"name":"(anonymous_3)","decl":{"start":{"line":50,"column":47},"end":{"line":50,"column":48}},"loc":{"start":{"line":50,"column":59},"end":{"line":60,"column":5}},"line":50},"4":{"name":"(anonymous_4)","decl":{"start":{"line":66,"column":23},"end":{"line":66,"column":24}},"loc":{"start":{"line":66,"column":38},"end":{"line":70,"column":9}},"line":66},"5":{"name":"(anonymous_5)","decl":{"start":{"line":71,"column":25},"end":{"line":71,"column":26}},"loc":{"start":{"line":71,"column":40},"end":{"line":78,"column":9}},"line":71},"6":{"name":"(anonymous_6)","decl":{"start":{"line":112,"column":12},"end":{"line":112,"column":13}},"loc":{"start":{"line":112,"column":18},"end":{"line":162,"column":3}},"line":112},"7":{"name":"(anonymous_7)","decl":{"start":{"line":128,"column":16},"end":{"line":128,"column":17}},"loc":{"start":{"line":128,"column":22},"end":{"line":136,"column":5}},"line":128},"8":{"name":"(anonymous_8)","decl":{"start":{"line":139,"column":17},"end":{"line":139,"column":18}},"loc":{"start":{"line":139,"column":24},"end":{"line":150,"column":5}},"line":139},"9":{"name":"(anonymous_9)","decl":{"start":{"line":153,"column":17},"end":{"line":153,"column":18}},"loc":{"start":{"line":153,"column":26},"end":{"line":161,"column":5}},"line":153},"10":{"name":"(anonymous_10)","decl":{"start":{"line":164,"column":10},"end":{"line":164,"column":11}},"loc":{"start":{"line":164,"column":16},"end":{"line":167,"column":3}},"line":164},"11":{"name":"(anonymous_11)","decl":{"start":{"line":169,"column":2},"end":{"line":169,"column":3}},"loc":{"start":{"line":169,"column":18},"end":{"line":173,"column":3}},"line":169},"12":{"name":"(anonymous_12)","decl":{"start":{"line":175,"column":2},"end":{"line":175,"column":3}},"loc":{"start":{"line":175,"column":18},"end":{"line":179,"column":3}},"line":175},"13":{"name":"(anonymous_13)","decl":{"start":{"line":181,"column":2},"end":{"line":181,"column":3}},"loc":{"start":{"line":181,"column":26},"end":{"line":185,"column":3}},"line":181},"14":{"name":"(anonymous_14)","decl":{"start":{"line":187,"column":2},"end":{"line":187,"column":3}},"loc":{"start":{"line":187,"column":29},"end":{"line":191,"column":3}},"line":187},"15":{"name":"(anonymous_15)","decl":{"start":{"line":193,"column":2},"end":{"line":193,"column":3}},"loc":{"start":{"line":193,"column":27},"end":{"line":199,"column":3}},"line":193},"16":{"name":"(anonymous_16)","decl":{"start":{"line":201,"column":2},"end":{"line":201,"column":3}},"loc":{"start":{"line":201,"column":20},"end":{"line":212,"column":3}},"line":201},"17":{"name":"(anonymous_17)","decl":{"start":{"line":203,"column":12},"end":{"line":203,"column":13}},"loc":{"start":{"line":203,"column":26},"end":{"line":208,"column":7}},"line":203},"18":{"name":"(anonymous_18)","decl":{"start":{"line":209,"column":13},"end":{"line":209,"column":14}},"loc":{"start":{"line":209,"column":20},"end":{"line":211,"column":7}},"line":209},"19":{"name":"(anonymous_19)","decl":{"start":{"line":214,"column":2},"end":{"line":214,"column":3}},"loc":{"start":{"line":214,"column":16},"end":{"line":220,"column":3}},"line":214},"20":{"name":"(anonymous_20)","decl":{"start":{"line":222,"column":2},"end":{"line":222,"column":3}},"loc":{"start":{"line":222,"column":36},"end":{"line":227,"column":3}},"line":222},"21":{"name":"(anonymous_21)","decl":{"start":{"line":229,"column":2},"end":{"line":229,"column":3}},"loc":{"start":{"line":229,"column":21},"end":{"line":238,"column":3}},"line":229},"22":{"name":"(anonymous_22)","decl":{"start":{"line":231,"column":12},"end":{"line":231,"column":13}},"loc":{"start":{"line":231,"column":26},"end":{"line":234,"column":7}},"line":231},"23":{"name":"(anonymous_23)","decl":{"start":{"line":235,"column":13},"end":{"line":235,"column":14}},"loc":{"start":{"line":235,"column":20},"end":{"line":237,"column":7}},"line":235},"24":{"name":"(anonymous_24)","decl":{"start":{"line":240,"column":2},"end":{"line":240,"column":3}},"loc":{"start":{"line":240,"column":18},"end":{"line":256,"column":3}},"line":240},"25":{"name":"(anonymous_25)","decl":{"start":{"line":247,"column":12},"end":{"line":247,"column":13}},"loc":{"start":{"line":247,"column":26},"end":{"line":252,"column":7}},"line":247},"26":{"name":"(anonymous_26)","decl":{"start":{"line":253,"column":13},"end":{"line":253,"column":14}},"loc":{"start":{"line":253,"column":20},"end":{"line":255,"column":7}},"line":253},"27":{"name":"(anonymous_27)","decl":{"start":{"line":258,"column":2},"end":{"line":258,"column":3}},"loc":{"start":{"line":258,"column":11},"end":{"line":602,"column":3}},"line":258}},"branchMap":{"0":{"loc":{"start":{"line":45,"column":8},"end":{"line":47,"column":9}},"type":"if","locations":[{"start":{"line":45,"column":8},"end":{"line":47,"column":9}},{"start":{"line":45,"column":8},"end":{"line":47,"column":9}}],"line":45},"1":{"loc":{"start":{"line":51,"column":8},"end":{"line":53,"column":9}},"type":"if","locations":[{"start":{"line":51,"column":8},"end":{"line":53,"column":9}},{"start":{"line":51,"column":8},"end":{"line":53,"column":9}}],"line":51},"2":{"loc":{"start":{"line":54,"column":8},"end":{"line":56,"column":9}},"type":"if","locations":[{"start":{"line":54,"column":8},"end":{"line":56,"column":9}},{"start":{"line":54,"column":8},"end":{"line":56,"column":9}}],"line":54},"3":{"loc":{"start":{"line":62,"column":4},"end":{"line":83,"column":5}},"type":"if","locations":[{"start":{"line":62,"column":4},"end":{"line":83,"column":5}},{"start":{"line":62,"column":4},"end":{"line":83,"column":5}}],"line":62},"4":{"loc":{"start":{"line":166,"column":4},"end":{"line":166,"column":65}},"type":"if","locations":[{"start":{"line":166,"column":4},"end":{"line":166,"column":65}},{"start":{"line":166,"column":4},"end":{"line":166,"column":65}}],"line":166},"5":{"loc":{"start":{"line":166,"column":8},"end":{"line":166,"column":48}},"type":"binary-expr","locations":[{"start":{"line":166,"column":8},"end":{"line":166,"column":11}},{"start":{"line":166,"column":15},"end":{"line":166,"column":48}}],"line":166},"6":{"loc":{"start":{"line":323,"column":15},"end":{"line":393,"column":15}},"type":"cond-expr","locations":[{"start":{"line":324,"column":16},"end":{"line":387,"column":22}},{"start":{"line":389,"column":16},"end":{"line":392,"column":22}}],"line":323}},"s":{"0":2,"1":2,"2":2,"3":2,"4":2,"5":2,"6":2,"7":2,"8":2,"9":2,"10":2,"11":2,"12":2,"13":2,"14":2,"15":1,"16":1,"17":1,"18":1,"19":2,"20":0,"21":0,"22":0,"23":0,"24":0,"25":0,"26":0,"27":2,"28":2,"29":2,"30":2,"31":1,"32":1,"33":1,"34":2,"35":0,"36":0,"37":0,"38":0,"39":0,"40":0,"41":0,"42":0,"43":0,"44":2,"45":2,"46":0,"47":0,"48":0,"49":0,"50":0,"51":0,"52":0,"53":0,"54":0,"55":0,"56":0,"57":0,"58":0,"59":0,"60":0,"61":0,"62":0,"63":2,"64":0,"65":0,"66":0,"67":0,"68":0,"69":0,"70":0,"71":0,"72":0,"73":0,"74":0,"75":0,"76":0,"77":0,"78":0,"79":0,"80":0,"81":0,"82":0,"83":0,"84":0,"85":0,"86":0,"87":0,"88":0,"89":2,"90":2,"91":2},"f":{"0":2,"1":2,"2":1,"3":0,"4":1,"5":0,"6":0,"7":0,"8":0,"9":0,"10":0,"11":0,"12":0,"13":0,"14":0,"15":0,"16":0,"17":0,"18":0,"19":0,"20":0,"21":0,"22":0,"23":0,"24":0,"25":0,"26":0,"27":2},"b":{"0":[1,0],"1":[0,0],"2":[0,0],"3":[2,0],"4":[0,0],"5":[0,0],"6":[0,2]},"_coverageSchema":"1a1c01bbd47fc00a2c39e90264f33305004495a9","hash":"6263f7bed8462ac6adff5b4abfb66ec9fa1303ff"}
,"/home/fani/Documents/REACT/FinalProject/agri-net/agri-info-frontend/web/src/components/imports/HeaderBrod.js": {"path":"/home/fani/Documents/REACT/FinalProject/agri-net/agri-info-frontend/web/src/components/imports/HeaderBrod.js","statementMap":{"0":{"start":{"line":5,"column":15},"end":{"line":33,"column":1}},"1":{"start":{"line":6,"column":4},"end":{"line":32,"column":5}}},"fnMap":{"0":{"name":"(anonymous_0)","decl":{"start":{"line":5,"column":15},"end":{"line":5,"column":16}},"loc":{"start":{"line":5,"column":21},"end":{"line":33,"column":1}},"line":5}},"branchMap":{},"s":{"0":39,"1":2},"f":{"0":2},"b":{},"_coverageSchema":"1a1c01bbd47fc00a2c39e90264f33305004495a9","hash":"b23b4a9fec6e9553eff57f8133851db6a881e1f5"}
,"/home/fani/Documents/REACT/FinalProject/agri-net/agri-info-frontend/web/src/components/imports/HeaderInfo.js": {"path":"/home/fani/Documents/REACT/FinalProject/agri-net/agri-info-frontend/web/src/components/imports/HeaderInfo.js","statementMap":{"0":{"start":{"line":5,"column":15},"end":{"line":65,"column":1}},"1":{"start":{"line":6,"column":4},"end":{"line":64,"column":5}}},"fnMap":{"0":{"name":"(anonymous_0)","decl":{"start":{"line":5,"column":15},"end":{"line":5,"column":16}},"loc":{"start":{"line":5,"column":21},"end":{"line":65,"column":1}},"line":5}},"branchMap":{},"s":{"0":39,"1":24},"f":{"0":24},"b":{},"_coverageSchema":"1a1c01bbd47fc00a2c39e90264f33305004495a9","hash":"7b7a21971d54ed55455e68a4956983de5e0aae05"}
,"/home/fani/Documents/REACT/FinalProject/agri-net/agri-info-frontend/web/src/components/imports/HeaderSuper.js": {"path":"/home/fani/Documents/REACT/FinalProject/agri-net/agri-info-frontend/web/src/components/imports/HeaderSuper.js","statementMap":{"0":{"start":{"line":6,"column":20},"end":{"line":45,"column":1}},"1":{"start":{"line":7,"column":4},"end":{"line":44,"column":5}}},"fnMap":{"0":{"name":"(anonymous_0)","decl":{"start":{"line":6,"column":20},"end":{"line":6,"column":21}},"loc":{"start":{"line":6,"column":26},"end":{"line":45,"column":1}},"line":6}},"branchMap":{},"s":{"0":39,"1":26},"f":{"0":26},"b":{},"_coverageSchema":"1a1c01bbd47fc00a2c39e90264f33305004495a9","hash":"e6af00afea0ea08c45978c2b45c22514c73bcbce"}
,"/home/fani/Documents/REACT/FinalProject/agri-net/agri-info-frontend/web/src/components/imports/LoginPageImp.js": {"path":"/home/fani/Documents/REACT/FinalProject/agri-net/agri-info-frontend/web/src/components/imports/LoginPageImp.js","statementMap":{"0":{"start":{"line":12,"column":4},"end":{"line":12,"column":17}},"1":{"start":{"line":13,"column":4},"end":{"line":13,"column":61}},"2":{"start":{"line":14,"column":4},"end":{"line":14,"column":55}},"3":{"start":{"line":15,"column":4},"end":{"line":15,"column":57}},"4":{"start":{"line":16,"column":4},"end":{"line":16,"column":45}},"5":{"start":{"line":33,"column":4},"end":{"line":52,"column":6}},"6":{"start":{"line":106,"column":4},"end":{"line":108,"column":7}},"7":{"start":{"line":113,"column":4},"end":{"line":115,"column":7}},"8":{"start":{"line":119,"column":4},"end":{"line":119,"column":27}},"9":{"start":{"line":120,"column":15},"end":{"line":123,"column":5}},"10":{"start":{"line":125,"column":4},"end":{"line":125,"column":22}},"11":{"start":{"line":128,"column":4},"end":{"line":215,"column":9}},"12":{"start":{"line":130,"column":8},"end":{"line":130,"column":35}},"13":{"start":{"line":132,"column":7},"end":{"line":206,"column":7}},"14":{"start":{"line":133,"column":8},"end":{"line":161,"column":11}},"15":{"start":{"line":163,"column":19},"end":{"line":163,"column":29}},"16":{"start":{"line":164,"column":8},"end":{"line":164,"column":37}},"17":{"start":{"line":165,"column":8},"end":{"line":165,"column":26}},"18":{"start":{"line":166,"column":8},"end":{"line":166,"column":32}},"19":{"start":{"line":167,"column":8},"end":{"line":167,"column":34}},"20":{"start":{"line":168,"column":8},"end":{"line":168,"column":33}},"21":{"start":{"line":169,"column":8},"end":{"line":169,"column":34}},"22":{"start":{"line":170,"column":8},"end":{"line":170,"column":31}},"23":{"start":{"line":173,"column":8},"end":{"line":193,"column":9}},"24":{"start":{"line":175,"column":10},"end":{"line":175,"column":46}},"25":{"start":{"line":177,"column":13},"end":{"line":193,"column":9}},"26":{"start":{"line":179,"column":9},"end":{"line":179,"column":57}},"27":{"start":{"line":182,"column":13},"end":{"line":193,"column":9}},"28":{"start":{"line":183,"column":10},"end":{"line":183,"column":58}},"29":{"start":{"line":185,"column":13},"end":{"line":193,"column":9}},"30":{"start":{"line":186,"column":10},"end":{"line":186,"column":58}},"31":{"start":{"line":188,"column":13},"end":{"line":193,"column":9}},"32":{"start":{"line":189,"column":10},"end":{"line":189,"column":58}},"33":{"start":{"line":192,"column":10},"end":{"line":192,"column":58}},"34":{"start":{"line":194,"column":8},"end":{"line":194,"column":35}},"35":{"start":{"line":195,"column":8},"end":{"line":195,"column":32}},"36":{"start":{"line":196,"column":8},"end":{"line":196,"column":38}},"37":{"start":{"line":199,"column":8},"end":{"line":203,"column":10}},"38":{"start":{"line":204,"column":8},"end":{"line":204,"column":35}},"39":{"start":{"line":205,"column":8},"end":{"line":205,"column":32}},"40":{"start":{"line":209,"column":8},"end":{"line":212,"column":10}},"41":{"start":{"line":213,"column":8},"end":{"line":213,"column":23}},"42":{"start":{"line":214,"column":8},"end":{"line":214,"column":31}},"43":{"start":{"line":219,"column":4},"end":{"line":240,"column":7}},"44":{"start":{"line":244,"column":15},"end":{"line":244,"column":25}},"45":{"start":{"line":245,"column":2},"end":{"line":245,"column":26}},"46":{"start":{"line":246,"column":3},"end":{"line":246,"column":30}},"47":{"start":{"line":247,"column":4},"end":{"line":309,"column":6}}},"fnMap":{"0":{"name":"(anonymous_0)","decl":{"start":{"line":11,"column":2},"end":{"line":11,"column":3}},"loc":{"start":{"line":11,"column":21},"end":{"line":53,"column":3}},"line":11},"1":{"name":"(anonymous_1)","decl":{"start":{"line":105,"column":2},"end":{"line":105,"column":3}},"loc":{"start":{"line":105,"column":22},"end":{"line":109,"column":3}},"line":105},"2":{"name":"(anonymous_2)","decl":{"start":{"line":112,"column":2},"end":{"line":112,"column":3}},"loc":{"start":{"line":112,"column":19},"end":{"line":116,"column":3}},"line":112},"3":{"name":"(anonymous_3)","decl":{"start":{"line":118,"column":2},"end":{"line":118,"column":3}},"loc":{"start":{"line":118,"column":24},"end":{"line":216,"column":3}},"line":118},"4":{"name":"(anonymous_4)","decl":{"start":{"line":129,"column":12},"end":{"line":129,"column":13}},"loc":{"start":{"line":129,"column":24},"end":{"line":207,"column":7}},"line":129},"5":{"name":"(anonymous_5)","decl":{"start":{"line":208,"column":13},"end":{"line":208,"column":14}},"loc":{"start":{"line":208,"column":18},"end":{"line":215,"column":7}},"line":208},"6":{"name":"(anonymous_6)","decl":{"start":{"line":218,"column":2},"end":{"line":218,"column":3}},"loc":{"start":{"line":218,"column":13},"end":{"line":241,"column":3}},"line":218},"7":{"name":"(anonymous_7)","decl":{"start":{"line":243,"column":2},"end":{"line":243,"column":3}},"loc":{"start":{"line":243,"column":11},"end":{"line":310,"column":3}},"line":243}},"branchMap":{"0":{"loc":{"start":{"line":132,"column":7},"end":{"line":206,"column":7}},"type":"if","locations":[{"start":{"line":132,"column":7},"end":{"line":206,"column":7}},{"start":{"line":132,"column":7},"end":{"line":206,"column":7}}],"line":132},"1":{"loc":{"start":{"line":173,"column":8},"end":{"line":193,"column":9}},"type":"if","locations":[{"start":{"line":173,"column":8},"end":{"line":193,"column":9}},{"start":{"line":173,"column":8},"end":{"line":193,"column":9}}],"line":173},"2":{"loc":{"start":{"line":177,"column":13},"end":{"line":193,"column":9}},"type":"if","locations":[{"start":{"line":177,"column":13},"end":{"line":193,"column":9}},{"start":{"line":177,"column":13},"end":{"line":193,"column":9}}],"line":177},"3":{"loc":{"start":{"line":182,"column":13},"end":{"line":193,"column":9}},"type":"if","locations":[{"start":{"line":182,"column":13},"end":{"line":193,"column":9}},{"start":{"line":182,"column":13},"end":{"line":193,"column":9}}],"line":182},"4":{"loc":{"start":{"line":185,"column":13},"end":{"line":193,"column":9}},"type":"if","locations":[{"start":{"line":185,"column":13},"end":{"line":193,"column":9}},{"start":{"line":185,"column":13},"end":{"line":193,"column":9}}],"line":185},"5":{"loc":{"start":{"line":188,"column":13},"end":{"line":193,"column":9}},"type":"if","locations":[{"start":{"line":188,"column":13},"end":{"line":193,"column":9}},{"start":{"line":188,"column":13},"end":{"line":193,"column":9}}],"line":188}},"s":{"0":39,"1":39,"2":39,"3":39,"4":39,"5":39,"6":197,"7":990,"8":39,"9":39,"10":39,"11":39,"12":37,"13":37,"14":37,"15":37,"16":37,"17":37,"18":37,"19":37,"20":37,"21":37,"22":37,"23":37,"24":22,"25":15,"26":15,"27":0,"28":0,"29":0,"30":0,"31":0,"32":0,"33":0,"34":37,"35":37,"36":37,"37":0,"38":0,"39":0,"40":0,"41":0,"42":0,"43":0,"44":1263,"45":1263,"46":1263,"47":1263},"f":{"0":39,"1":197,"2":990,"3":39,"4":37,"5":0,"6":0,"7":1263},"b":{"0":[37,0],"1":[22,15],"2":[15,0],"3":[0,0],"4":[0,0],"5":[0,0]},"_coverageSchema":"1a1c01bbd47fc00a2c39e90264f33305004495a9","hash":"118833b66f6397da163f1aef2459bdfd30e8d157"}
,"/home/fani/Documents/REACT/FinalProject/agri-net/agri-info-frontend/web/src/components/imports/ProductComponent.js": {"path":"/home/fani/Documents/REACT/FinalProject/agri-net/agri-info-frontend/web/src/components/imports/ProductComponent.js","statementMap":{"0":{"start":{"line":9,"column":4},"end":{"line":9,"column":17}},"1":{"start":{"line":10,"column":4},"end":{"line":10,"column":63}},"2":{"start":{"line":11,"column":4},"end":{"line":11,"column":49}},"3":{"start":{"line":13,"column":4},"end":{"line":13,"column":55}},"4":{"start":{"line":14,"column":4},"end":{"line":14,"column":55}},"5":{"start":{"line":16,"column":4},"end":{"line":30,"column":6}},"6":{"start":{"line":34,"column":4},"end":{"line":34,"column":48}},"7":{"start":{"line":35,"column":4},"end":{"line":35,"column":30}},"8":{"start":{"line":36,"column":4},"end":{"line":36,"column":43}},"9":{"start":{"line":56,"column":26},"end":{"line":56,"column":40}},"10":{"start":{"line":58,"column":4},"end":{"line":65,"column":7}},"11":{"start":{"line":59,"column":6},"end":{"line":64,"column":8}},"12":{"start":{"line":78,"column":4},"end":{"line":103,"column":9}},"13":{"start":{"line":80,"column":8},"end":{"line":94,"column":11}},"14":{"start":{"line":95,"column":8},"end":{"line":95,"column":35}},"15":{"start":{"line":96,"column":8},"end":{"line":96,"column":32}},"16":{"start":{"line":97,"column":8},"end":{"line":97,"column":47}},"17":{"start":{"line":102,"column":8},"end":{"line":102,"column":23}},"18":{"start":{"line":107,"column":15},"end":{"line":111,"column":5}},"19":{"start":{"line":114,"column":14},"end":{"line":114,"column":26}},"20":{"start":{"line":117,"column":4},"end":{"line":117,"column":22}},"21":{"start":{"line":118,"column":4},"end":{"line":118,"column":23}},"22":{"start":{"line":119,"column":4},"end":{"line":137,"column":9}},"23":{"start":{"line":126,"column":8},"end":{"line":126,"column":35}},"24":{"start":{"line":127,"column":8},"end":{"line":129,"column":11}},"25":{"start":{"line":136,"column":8},"end":{"line":136,"column":23}},"26":{"start":{"line":141,"column":4},"end":{"line":148,"column":9}},"27":{"start":{"line":143,"column":8},"end":{"line":143,"column":35}},"28":{"start":{"line":144,"column":8},"end":{"line":144,"column":44}},"29":{"start":{"line":147,"column":8},"end":{"line":147,"column":23}},"30":{"start":{"line":152,"column":28},"end":{"line":152,"column":38}},"31":{"start":{"line":153,"column":3},"end":{"line":153,"column":42}},"32":{"start":{"line":158,"column":4},"end":{"line":314,"column":6}}},"fnMap":{"0":{"name":"(anonymous_0)","decl":{"start":{"line":8,"column":2},"end":{"line":8,"column":3}},"loc":{"start":{"line":8,"column":21},"end":{"line":31,"column":3}},"line":8},"1":{"name":"(anonymous_1)","decl":{"start":{"line":33,"column":2},"end":{"line":33,"column":3}},"loc":{"start":{"line":33,"column":22},"end":{"line":37,"column":3}},"line":33},"2":{"name":"(anonymous_2)","decl":{"start":{"line":55,"column":2},"end":{"line":55,"column":3}},"loc":{"start":{"line":55,"column":23},"end":{"line":66,"column":3}},"line":55},"3":{"name":"(anonymous_3)","decl":{"start":{"line":58,"column":18},"end":{"line":58,"column":19}},"loc":{"start":{"line":58,"column":38},"end":{"line":65,"column":5}},"line":58},"4":{"name":"(anonymous_4)","decl":{"start":{"line":77,"column":2},"end":{"line":77,"column":3}},"loc":{"start":{"line":77,"column":17},"end":{"line":104,"column":3}},"line":77},"5":{"name":"(anonymous_5)","decl":{"start":{"line":79,"column":12},"end":{"line":79,"column":13}},"loc":{"start":{"line":79,"column":24},"end":{"line":100,"column":7}},"line":79},"6":{"name":"(anonymous_6)","decl":{"start":{"line":101,"column":13},"end":{"line":101,"column":14}},"loc":{"start":{"line":101,"column":18},"end":{"line":103,"column":7}},"line":101},"7":{"name":"(anonymous_7)","decl":{"start":{"line":106,"column":2},"end":{"line":106,"column":3}},"loc":{"start":{"line":106,"column":18},"end":{"line":138,"column":3}},"line":106},"8":{"name":"(anonymous_8)","decl":{"start":{"line":125,"column":12},"end":{"line":125,"column":13}},"loc":{"start":{"line":125,"column":24},"end":{"line":134,"column":7}},"line":125},"9":{"name":"(anonymous_9)","decl":{"start":{"line":135,"column":13},"end":{"line":135,"column":14}},"loc":{"start":{"line":135,"column":18},"end":{"line":137,"column":7}},"line":135},"10":{"name":"(anonymous_10)","decl":{"start":{"line":140,"column":2},"end":{"line":140,"column":3}},"loc":{"start":{"line":140,"column":18},"end":{"line":149,"column":3}},"line":140},"11":{"name":"(anonymous_11)","decl":{"start":{"line":142,"column":12},"end":{"line":142,"column":13}},"loc":{"start":{"line":142,"column":24},"end":{"line":145,"column":7}},"line":142},"12":{"name":"(anonymous_12)","decl":{"start":{"line":146,"column":13},"end":{"line":146,"column":14}},"loc":{"start":{"line":146,"column":18},"end":{"line":148,"column":7}},"line":146},"13":{"name":"(anonymous_13)","decl":{"start":{"line":151,"column":2},"end":{"line":151,"column":3}},"loc":{"start":{"line":151,"column":11},"end":{"line":315,"column":3}},"line":151}},"branchMap":{"0":{"loc":{"start":{"line":187,"column":9},"end":{"line":311,"column":9}},"type":"cond-expr","locations":[{"start":{"line":188,"column":10},"end":{"line":305,"column":16}},{"start":{"line":307,"column":10},"end":{"line":310,"column":16}}],"line":187}},"s":{"0":4,"1":4,"2":4,"3":4,"4":4,"5":4,"6":4,"7":4,"8":4,"9":8,"10":8,"11":8,"12":4,"13":4,"14":4,"15":4,"16":4,"17":0,"18":4,"19":4,"20":4,"21":4,"22":4,"23":4,"24":4,"25":0,"26":0,"27":0,"28":0,"29":0,"30":20,"31":20,"32":20},"f":{"0":4,"1":4,"2":8,"3":8,"4":4,"5":4,"6":0,"7":4,"8":4,"9":0,"10":0,"11":0,"12":0,"13":20},"b":{"0":[20,0]},"_coverageSchema":"1a1c01bbd47fc00a2c39e90264f33305004495a9","hash":"5c6caf1c8991e43f1e52f83b747ad845e85aa779"}
,"/home/fani/Documents/REACT/FinalProject/agri-net/agri-info-frontend/web/src/components/imports/Products.js": {"path":"/home/fani/Documents/REACT/FinalProject/agri-net/agri-info-frontend/web/src/components/imports/Products.js","statementMap":{"0":{"start":{"line":9,"column":4},"end":{"line":9,"column":17}},"1":{"start":{"line":10,"column":4},"end":{"line":10,"column":71}},"2":{"start":{"line":11,"column":4},"end":{"line":11,"column":61}},"3":{"start":{"line":12,"column":4},"end":{"line":12,"column":51}},"4":{"start":{"line":13,"column":4},"end":{"line":13,"column":61}},"5":{"start":{"line":14,"column":4},"end":{"line":14,"column":63}},"6":{"start":{"line":15,"column":4},"end":{"line":15,"column":55}},"7":{"start":{"line":18,"column":4},"end":{"line":55,"column":6}},"8":{"start":{"line":59,"column":4},"end":{"line":59,"column":28}},"9":{"start":{"line":60,"column":4},"end":{"line":60,"column":36}},"10":{"start":{"line":61,"column":4},"end":{"line":61,"column":43}},"11":{"start":{"line":62,"column":4},"end":{"line":62,"column":39}},"12":{"start":{"line":65,"column":4},"end":{"line":65,"column":28}},"13":{"start":{"line":69,"column":26},"end":{"line":69,"column":40}},"14":{"start":{"line":71,"column":4},"end":{"line":73,"column":7}},"15":{"start":{"line":77,"column":4},"end":{"line":90,"column":9}},"16":{"start":{"line":79,"column":8},"end":{"line":84,"column":10}},"17":{"start":{"line":85,"column":8},"end":{"line":85,"column":47}},"18":{"start":{"line":86,"column":8},"end":{"line":86,"column":35}},"19":{"start":{"line":89,"column":8},"end":{"line":89,"column":23}},"20":{"start":{"line":94,"column":4},"end":{"line":94,"column":28}},"21":{"start":{"line":95,"column":4},"end":{"line":98,"column":7}},"22":{"start":{"line":102,"column":4},"end":{"line":105,"column":7}},"23":{"start":{"line":109,"column":4},"end":{"line":116,"column":9}},"24":{"start":{"line":111,"column":8},"end":{"line":111,"column":35}},"25":{"start":{"line":112,"column":8},"end":{"line":112,"column":27}},"26":{"start":{"line":115,"column":8},"end":{"line":115,"column":23}},"27":{"start":{"line":120,"column":4},"end":{"line":123,"column":7}},"28":{"start":{"line":125,"column":4},"end":{"line":137,"column":9}},"29":{"start":{"line":127,"column":8},"end":{"line":132,"column":12}},"30":{"start":{"line":127,"column":36},"end":{"line":132,"column":9}},"31":{"start":{"line":133,"column":8},"end":{"line":133,"column":35}},"32":{"start":{"line":136,"column":8},"end":{"line":136,"column":23}},"33":{"start":{"line":141,"column":90},"end":{"line":141,"column":100}},"34":{"start":{"line":142,"column":4},"end":{"line":142,"column":26}},"35":{"start":{"line":143,"column":4},"end":{"line":143,"column":26}},"36":{"start":{"line":144,"column":4},"end":{"line":144,"column":27}},"37":{"start":{"line":145,"column":4},"end":{"line":327,"column":6}},"38":{"start":{"line":197,"column":24},"end":{"line":210,"column":29}},"39":{"start":{"line":201,"column":39},"end":{"line":201,"column":76}}},"fnMap":{"0":{"name":"(anonymous_0)","decl":{"start":{"line":8,"column":2},"end":{"line":8,"column":3}},"loc":{"start":{"line":8,"column":21},"end":{"line":56,"column":3}},"line":8},"1":{"name":"(anonymous_1)","decl":{"start":{"line":58,"column":2},"end":{"line":58,"column":3}},"loc":{"start":{"line":58,"column":22},"end":{"line":66,"column":3}},"line":58},"2":{"name":"(anonymous_2)","decl":{"start":{"line":68,"column":2},"end":{"line":68,"column":3}},"loc":{"start":{"line":68,"column":27},"end":{"line":74,"column":3}},"line":68},"3":{"name":"(anonymous_3)","decl":{"start":{"line":76,"column":2},"end":{"line":76,"column":3}},"loc":{"start":{"line":76,"column":21},"end":{"line":91,"column":3}},"line":76},"4":{"name":"(anonymous_4)","decl":{"start":{"line":78,"column":12},"end":{"line":78,"column":13}},"loc":{"start":{"line":78,"column":24},"end":{"line":87,"column":7}},"line":78},"5":{"name":"(anonymous_5)","decl":{"start":{"line":88,"column":13},"end":{"line":88,"column":14}},"loc":{"start":{"line":88,"column":18},"end":{"line":90,"column":7}},"line":88},"6":{"name":"(anonymous_6)","decl":{"start":{"line":93,"column":2},"end":{"line":93,"column":3}},"loc":{"start":{"line":93,"column":16},"end":{"line":99,"column":3}},"line":93},"7":{"name":"(anonymous_7)","decl":{"start":{"line":101,"column":2},"end":{"line":101,"column":3}},"loc":{"start":{"line":101,"column":35},"end":{"line":106,"column":3}},"line":101},"8":{"name":"(anonymous_8)","decl":{"start":{"line":108,"column":2},"end":{"line":108,"column":3}},"loc":{"start":{"line":108,"column":22},"end":{"line":117,"column":3}},"line":108},"9":{"name":"(anonymous_9)","decl":{"start":{"line":110,"column":12},"end":{"line":110,"column":13}},"loc":{"start":{"line":110,"column":24},"end":{"line":113,"column":7}},"line":110},"10":{"name":"(anonymous_10)","decl":{"start":{"line":114,"column":13},"end":{"line":114,"column":14}},"loc":{"start":{"line":114,"column":18},"end":{"line":116,"column":7}},"line":114},"11":{"name":"(anonymous_11)","decl":{"start":{"line":119,"column":2},"end":{"line":119,"column":3}},"loc":{"start":{"line":119,"column":18},"end":{"line":138,"column":3}},"line":119},"12":{"name":"(anonymous_12)","decl":{"start":{"line":126,"column":12},"end":{"line":126,"column":13}},"loc":{"start":{"line":126,"column":24},"end":{"line":134,"column":7}},"line":126},"13":{"name":"(anonymous_13)","decl":{"start":{"line":127,"column":22},"end":{"line":127,"column":23}},"loc":{"start":{"line":127,"column":36},"end":{"line":132,"column":9}},"line":127},"14":{"name":"(anonymous_14)","decl":{"start":{"line":135,"column":13},"end":{"line":135,"column":14}},"loc":{"start":{"line":135,"column":18},"end":{"line":137,"column":7}},"line":135},"15":{"name":"(anonymous_15)","decl":{"start":{"line":140,"column":2},"end":{"line":140,"column":3}},"loc":{"start":{"line":140,"column":11},"end":{"line":328,"column":3}},"line":140},"16":{"name":"(anonymous_16)","decl":{"start":{"line":196,"column":44},"end":{"line":196,"column":45}},"loc":{"start":{"line":197,"column":24},"end":{"line":210,"column":29}},"line":197},"17":{"name":"(anonymous_17)","decl":{"start":{"line":201,"column":33},"end":{"line":201,"column":34}},"loc":{"start":{"line":201,"column":39},"end":{"line":201,"column":76}},"line":201}},"branchMap":{"0":{"loc":{"start":{"line":199,"column":27},"end":{"line":199,"column":65}},"type":"cond-expr","locations":[{"start":{"line":199,"column":52},"end":{"line":199,"column":60}},{"start":{"line":199,"column":63},"end":{"line":199,"column":65}}],"line":199},"1":{"loc":{"start":{"line":241,"column":19},"end":{"line":322,"column":19}},"type":"cond-expr","locations":[{"start":{"line":242,"column":20},"end":{"line":316,"column":26}},{"start":{"line":318,"column":20},"end":{"line":321,"column":26}}],"line":241}},"s":{"0":24,"1":24,"2":24,"3":24,"4":24,"5":24,"6":24,"7":24,"8":24,"9":24,"10":24,"11":24,"12":24,"13":8,"14":8,"15":24,"16":20,"17":20,"18":20,"19":0,"20":0,"21":0,"22":8,"23":0,"24":0,"25":0,"26":0,"27":6,"28":6,"29":6,"30":6,"31":6,"32":0,"33":72,"34":72,"35":72,"36":72,"37":72,"38":346,"39":8},"f":{"0":24,"1":24,"2":8,"3":24,"4":20,"5":0,"6":0,"7":8,"8":0,"9":0,"10":0,"11":6,"12":6,"13":6,"14":0,"15":72,"16":346,"17":8},"b":{"0":[8,338],"1":[8,64]},"_coverageSchema":"1a1c01bbd47fc00a2c39e90264f33305004495a9","hash":"aff76c13677eb42655477a298c8354dcdd92b1b3"}
,"/home/fani/Documents/REACT/FinalProject/agri-net/agri-info-frontend/web/src/components/imports/ProductsSuper.js": {"path":"/home/fani/Documents/REACT/FinalProject/agri-net/agri-info-frontend/web/src/components/imports/ProductsSuper.js","statementMap":{"0":{"start":{"line":9,"column":4},"end":{"line":9,"column":17}},"1":{"start":{"line":10,"column":4},"end":{"line":10,"column":71}},"2":{"start":{"line":11,"column":4},"end":{"line":11,"column":61}},"3":{"start":{"line":12,"column":4},"end":{"line":12,"column":51}},"4":{"start":{"line":13,"column":4},"end":{"line":13,"column":61}},"5":{"start":{"line":14,"column":4},"end":{"line":14,"column":63}},"6":{"start":{"line":15,"column":4},"end":{"line":15,"column":55}},"7":{"start":{"line":17,"column":4},"end":{"line":54,"column":6}},"8":{"start":{"line":58,"column":4},"end":{"line":58,"column":43}},"9":{"start":{"line":59,"column":4},"end":{"line":59,"column":39}},"10":{"start":{"line":60,"column":4},"end":{"line":60,"column":28}},"11":{"start":{"line":64,"column":26},"end":{"line":64,"column":40}},"12":{"start":{"line":66,"column":4},"end":{"line":68,"column":7}},"13":{"start":{"line":72,"column":4},"end":{"line":81,"column":9}},"14":{"start":{"line":74,"column":8},"end":{"line":76,"column":11}},"15":{"start":{"line":77,"column":8},"end":{"line":77,"column":35}},"16":{"start":{"line":80,"column":8},"end":{"line":80,"column":23}},"17":{"start":{"line":85,"column":4},"end":{"line":85,"column":28}},"18":{"start":{"line":86,"column":4},"end":{"line":89,"column":7}},"19":{"start":{"line":93,"column":4},"end":{"line":96,"column":7}},"20":{"start":{"line":100,"column":4},"end":{"line":107,"column":9}},"21":{"start":{"line":102,"column":8},"end":{"line":102,"column":35}},"22":{"start":{"line":103,"column":8},"end":{"line":103,"column":27}},"23":{"start":{"line":106,"column":8},"end":{"line":106,"column":23}},"24":{"start":{"line":111,"column":4},"end":{"line":114,"column":7}},"25":{"start":{"line":116,"column":4},"end":{"line":128,"column":9}},"26":{"start":{"line":118,"column":8},"end":{"line":123,"column":12}},"27":{"start":{"line":118,"column":36},"end":{"line":123,"column":9}},"28":{"start":{"line":124,"column":8},"end":{"line":124,"column":35}},"29":{"start":{"line":127,"column":8},"end":{"line":127,"column":23}},"30":{"start":{"line":132,"column":70},"end":{"line":132,"column":80}},"31":{"start":{"line":133,"column":4},"end":{"line":133,"column":32}},"32":{"start":{"line":134,"column":4},"end":{"line":134,"column":26}},"33":{"start":{"line":135,"column":4},"end":{"line":291,"column":6}},"34":{"start":{"line":183,"column":16},"end":{"line":196,"column":22}},"35":{"start":{"line":187,"column":31},"end":{"line":187,"column":68}}},"fnMap":{"0":{"name":"(anonymous_0)","decl":{"start":{"line":8,"column":2},"end":{"line":8,"column":3}},"loc":{"start":{"line":8,"column":21},"end":{"line":55,"column":3}},"line":8},"1":{"name":"(anonymous_1)","decl":{"start":{"line":57,"column":2},"end":{"line":57,"column":3}},"loc":{"start":{"line":57,"column":22},"end":{"line":61,"column":3}},"line":57},"2":{"name":"(anonymous_2)","decl":{"start":{"line":63,"column":2},"end":{"line":63,"column":3}},"loc":{"start":{"line":63,"column":27},"end":{"line":69,"column":3}},"line":63},"3":{"name":"(anonymous_3)","decl":{"start":{"line":71,"column":2},"end":{"line":71,"column":3}},"loc":{"start":{"line":71,"column":21},"end":{"line":82,"column":3}},"line":71},"4":{"name":"(anonymous_4)","decl":{"start":{"line":73,"column":12},"end":{"line":73,"column":13}},"loc":{"start":{"line":73,"column":24},"end":{"line":78,"column":7}},"line":73},"5":{"name":"(anonymous_5)","decl":{"start":{"line":79,"column":13},"end":{"line":79,"column":14}},"loc":{"start":{"line":79,"column":18},"end":{"line":81,"column":7}},"line":79},"6":{"name":"(anonymous_6)","decl":{"start":{"line":84,"column":2},"end":{"line":84,"column":3}},"loc":{"start":{"line":84,"column":16},"end":{"line":90,"column":3}},"line":84},"7":{"name":"(anonymous_7)","decl":{"start":{"line":92,"column":2},"end":{"line":92,"column":3}},"loc":{"start":{"line":92,"column":36},"end":{"line":97,"column":3}},"line":92},"8":{"name":"(anonymous_8)","decl":{"start":{"line":99,"column":2},"end":{"line":99,"column":3}},"loc":{"start":{"line":99,"column":22},"end":{"line":108,"column":3}},"line":99},"9":{"name":"(anonymous_9)","decl":{"start":{"line":101,"column":12},"end":{"line":101,"column":13}},"loc":{"start":{"line":101,"column":24},"end":{"line":104,"column":7}},"line":101},"10":{"name":"(anonymous_10)","decl":{"start":{"line":105,"column":13},"end":{"line":105,"column":14}},"loc":{"start":{"line":105,"column":18},"end":{"line":107,"column":7}},"line":105},"11":{"name":"(anonymous_11)","decl":{"start":{"line":110,"column":2},"end":{"line":110,"column":3}},"loc":{"start":{"line":110,"column":18},"end":{"line":129,"column":3}},"line":110},"12":{"name":"(anonymous_12)","decl":{"start":{"line":117,"column":12},"end":{"line":117,"column":13}},"loc":{"start":{"line":117,"column":24},"end":{"line":125,"column":7}},"line":117},"13":{"name":"(anonymous_13)","decl":{"start":{"line":118,"column":22},"end":{"line":118,"column":23}},"loc":{"start":{"line":118,"column":36},"end":{"line":123,"column":9}},"line":118},"14":{"name":"(anonymous_14)","decl":{"start":{"line":126,"column":13},"end":{"line":126,"column":14}},"loc":{"start":{"line":126,"column":18},"end":{"line":128,"column":7}},"line":126},"15":{"name":"(anonymous_15)","decl":{"start":{"line":131,"column":2},"end":{"line":131,"column":3}},"loc":{"start":{"line":131,"column":11},"end":{"line":292,"column":3}},"line":131},"16":{"name":"(anonymous_16)","decl":{"start":{"line":182,"column":36},"end":{"line":182,"column":37}},"loc":{"start":{"line":183,"column":16},"end":{"line":196,"column":22}},"line":183},"17":{"name":"(anonymous_17)","decl":{"start":{"line":187,"column":25},"end":{"line":187,"column":26}},"loc":{"start":{"line":187,"column":31},"end":{"line":187,"column":68}},"line":187}},"branchMap":{"0":{"loc":{"start":{"line":185,"column":19},"end":{"line":185,"column":57}},"type":"cond-expr","locations":[{"start":{"line":185,"column":44},"end":{"line":185,"column":52}},{"start":{"line":185,"column":55},"end":{"line":185,"column":57}}],"line":185},"1":{"loc":{"start":{"line":209,"column":11},"end":{"line":287,"column":11}},"type":"cond-expr","locations":[{"start":{"line":210,"column":12},"end":{"line":281,"column":18}},{"start":{"line":283,"column":12},"end":{"line":286,"column":18}}],"line":209}},"s":{"0":15,"1":15,"2":15,"3":15,"4":15,"5":15,"6":15,"7":15,"8":15,"9":15,"10":15,"11":0,"12":0,"13":15,"14":15,"15":15,"16":0,"17":0,"18":0,"19":0,"20":0,"21":0,"22":0,"23":0,"24":0,"25":0,"26":0,"27":0,"28":0,"29":0,"30":15,"31":15,"32":15,"33":15,"34":0,"35":0},"f":{"0":15,"1":15,"2":0,"3":15,"4":15,"5":0,"6":0,"7":0,"8":0,"9":0,"10":0,"11":0,"12":0,"13":0,"14":0,"15":15,"16":0,"17":0},"b":{"0":[0,0],"1":[0,15]},"_coverageSchema":"1a1c01bbd47fc00a2c39e90264f33305004495a9","hash":"3e58bd3099b7addbb589c35fa7ae18a1758f6c9e"}
,"/home/fani/Documents/REACT/FinalProject/agri-net/agri-info-frontend/web/src/components/imports/SuperAdminAddPr.js": {"path":"/home/fani/Documents/REACT/FinalProject/agri-net/agri-info-frontend/web/src/components/imports/SuperAdminAddPr.js","statementMap":{"0":{"start":{"line":11,"column":4},"end":{"line":11,"column":17}},"1":{"start":{"line":12,"column":4},"end":{"line":12,"column":61}},"2":{"start":{"line":13,"column":4},"end":{"line":13,"column":65}},"3":{"start":{"line":14,"column":4},"end":{"line":14,"column":61}},"4":{"start":{"line":16,"column":4},"end":{"line":16,"column":63}},"5":{"start":{"line":17,"column":4},"end":{"line":17,"column":51}},"6":{"start":{"line":18,"column":4},"end":{"line":18,"column":49}},"7":{"start":{"line":21,"column":4},"end":{"line":38,"column":6}},"8":{"start":{"line":42,"column":4},"end":{"line":44,"column":9}},"9":{"start":{"line":130,"column":4},"end":{"line":132,"column":9}},"10":{"start":{"line":188,"column":4},"end":{"line":190,"column":9}},"11":{"start":{"line":244,"column":4},"end":{"line":246,"column":9}},"12":{"start":{"line":254,"column":15},"end":{"line":264,"column":5}},"13":{"start":{"line":267,"column":16},"end":{"line":267,"column":28}},"14":{"start":{"line":268,"column":4},"end":{"line":268,"column":22}},"15":{"start":{"line":269,"column":4},"end":{"line":269,"column":23}},"16":{"start":{"line":271,"column":4},"end":{"line":312,"column":9}},"17":{"start":{"line":273,"column":8},"end":{"line":273,"column":34}},"18":{"start":{"line":274,"column":8},"end":{"line":306,"column":11}},"19":{"start":{"line":307,"column":8},"end":{"line":307,"column":35}},"20":{"start":{"line":311,"column":8},"end":{"line":311,"column":23}},"21":{"start":{"line":318,"column":4},"end":{"line":333,"column":11}},"22":{"start":{"line":340,"column":4},"end":{"line":473,"column":6}}},"fnMap":{"0":{"name":"(anonymous_0)","decl":{"start":{"line":10,"column":2},"end":{"line":10,"column":3}},"loc":{"start":{"line":10,"column":21},"end":{"line":39,"column":3}},"line":10},"1":{"name":"(anonymous_1)","decl":{"start":{"line":41,"column":2},"end":{"line":41,"column":3}},"loc":{"start":{"line":41,"column":22},"end":{"line":45,"column":3}},"line":41},"2":{"name":"(anonymous_2)","decl":{"start":{"line":129,"column":2},"end":{"line":129,"column":3}},"loc":{"start":{"line":129,"column":24},"end":{"line":133,"column":3}},"line":129},"3":{"name":"(anonymous_3)","decl":{"start":{"line":187,"column":2},"end":{"line":187,"column":3}},"loc":{"start":{"line":187,"column":22},"end":{"line":191,"column":3}},"line":187},"4":{"name":"(anonymous_4)","decl":{"start":{"line":243,"column":2},"end":{"line":243,"column":3}},"loc":{"start":{"line":243,"column":23},"end":{"line":247,"column":3}},"line":243},"5":{"name":"(anonymous_5)","decl":{"start":{"line":253,"column":2},"end":{"line":253,"column":3}},"loc":{"start":{"line":253,"column":16},"end":{"line":313,"column":3}},"line":253},"6":{"name":"(anonymous_6)","decl":{"start":{"line":272,"column":12},"end":{"line":272,"column":13}},"loc":{"start":{"line":272,"column":24},"end":{"line":309,"column":7}},"line":272},"7":{"name":"(anonymous_7)","decl":{"start":{"line":310,"column":13},"end":{"line":310,"column":14}},"loc":{"start":{"line":310,"column":18},"end":{"line":312,"column":7}},"line":310},"8":{"name":"(anonymous_8)","decl":{"start":{"line":315,"column":2},"end":{"line":315,"column":3}},"loc":{"start":{"line":315,"column":15},"end":{"line":334,"column":3}},"line":315},"9":{"name":"(anonymous_9)","decl":{"start":{"line":336,"column":2},"end":{"line":336,"column":3}},"loc":{"start":{"line":336,"column":11},"end":{"line":474,"column":3}},"line":336}},"branchMap":{"0":{"loc":{"start":{"line":356,"column":9},"end":{"line":470,"column":9}},"type":"cond-expr","locations":[{"start":{"line":357,"column":10},"end":{"line":362,"column":16}},{"start":{"line":364,"column":10},"end":{"line":469,"column":16}}],"line":356}},"s":{"0":2,"1":2,"2":2,"3":2,"4":2,"5":2,"6":2,"7":2,"8":14,"9":2,"10":10,"11":8,"12":2,"13":2,"14":2,"15":2,"16":2,"17":0,"18":0,"19":0,"20":0,"21":0,"22":36},"f":{"0":2,"1":14,"2":2,"3":10,"4":8,"5":2,"6":0,"7":0,"8":0,"9":36},"b":{"0":[0,36]},"_coverageSchema":"1a1c01bbd47fc00a2c39e90264f33305004495a9","hash":"98a910307015732eb405c8f03bb28b56cab50a7a"}
,"/home/fani/Documents/REACT/FinalProject/agri-net/agri-info-frontend/web/src/components/imports/SuperAdminDictionary.js": {"path":"/home/fani/Documents/REACT/FinalProject/agri-net/agri-info-frontend/web/src/components/imports/SuperAdminDictionary.js","statementMap":{"0":{"start":{"line":12,"column":4},"end":{"line":12,"column":17}},"1":{"start":{"line":14,"column":4},"end":{"line":14,"column":61}},"2":{"start":{"line":15,"column":4},"end":{"line":15,"column":53}},"3":{"start":{"line":16,"column":4},"end":{"line":16,"column":51}},"4":{"start":{"line":17,"column":4},"end":{"line":17,"column":55}},"5":{"start":{"line":18,"column":4},"end":{"line":18,"column":67}},"6":{"start":{"line":19,"column":4},"end":{"line":19,"column":57}},"7":{"start":{"line":20,"column":3},"end":{"line":20,"column":64}},"8":{"start":{"line":21,"column":4},"end":{"line":21,"column":67}},"9":{"start":{"line":22,"column":4},"end":{"line":22,"column":49}},"10":{"start":{"line":23,"column":5},"end":{"line":23,"column":50}},"11":{"start":{"line":25,"column":4},"end":{"line":44,"column":6}},"12":{"start":{"line":54,"column":2},"end":{"line":54,"column":25}},"13":{"start":{"line":55,"column":2},"end":{"line":55,"column":29}},"14":{"start":{"line":63,"column":2},"end":{"line":65,"column":5}},"15":{"start":{"line":71,"column":4},"end":{"line":73,"column":9}},"16":{"start":{"line":82,"column":4},"end":{"line":84,"column":9}},"17":{"start":{"line":91,"column":4},"end":{"line":93,"column":9}},"18":{"start":{"line":97,"column":4},"end":{"line":97,"column":31}},"19":{"start":{"line":98,"column":4},"end":{"line":101,"column":7}},"20":{"start":{"line":105,"column":4},"end":{"line":108,"column":7}},"21":{"start":{"line":113,"column":16},"end":{"line":113,"column":28}},"22":{"start":{"line":114,"column":4},"end":{"line":114,"column":22}},"23":{"start":{"line":115,"column":4},"end":{"line":126,"column":9}},"24":{"start":{"line":117,"column":8},"end":{"line":121,"column":11}},"25":{"start":{"line":122,"column":8},"end":{"line":122,"column":35}},"26":{"start":{"line":125,"column":8},"end":{"line":125,"column":23}},"27":{"start":{"line":131,"column":4},"end":{"line":131,"column":27}},"28":{"start":{"line":132,"column":15},"end":{"line":142,"column":5}},"29":{"start":{"line":145,"column":16},"end":{"line":145,"column":28}},"30":{"start":{"line":146,"column":4},"end":{"line":146,"column":22}},"31":{"start":{"line":147,"column":4},"end":{"line":147,"column":23}},"32":{"start":{"line":149,"column":4},"end":{"line":183,"column":9}},"33":{"start":{"line":151,"column":8},"end":{"line":151,"column":34}},"34":{"start":{"line":152,"column":8},"end":{"line":177,"column":11}},"35":{"start":{"line":178,"column":8},"end":{"line":178,"column":35}},"36":{"start":{"line":182,"column":8},"end":{"line":182,"column":23}},"37":{"start":{"line":189,"column":4},"end":{"line":192,"column":7}},"38":{"start":{"line":194,"column":15},"end":{"line":197,"column":5}},"39":{"start":{"line":199,"column":16},"end":{"line":199,"column":28}},"40":{"start":{"line":201,"column":4},"end":{"line":201,"column":22}},"41":{"start":{"line":202,"column":4},"end":{"line":202,"column":23}},"42":{"start":{"line":204,"column":4},"end":{"line":237,"column":9}},"43":{"start":{"line":206,"column":8},"end":{"line":206,"column":34}},"44":{"start":{"line":207,"column":8},"end":{"line":218,"column":11}},"45":{"start":{"line":233,"column":8},"end":{"line":233,"column":35}},"46":{"start":{"line":236,"column":8},"end":{"line":236,"column":23}},"47":{"start":{"line":243,"column":15},"end":{"line":248,"column":5}},"48":{"start":{"line":250,"column":4},"end":{"line":250,"column":22}},"49":{"start":{"line":251,"column":4},"end":{"line":251,"column":25}},"50":{"start":{"line":252,"column":17},"end":{"line":252,"column":29}},"51":{"start":{"line":253,"column":4},"end":{"line":253,"column":23}},"52":{"start":{"line":254,"column":4},"end":{"line":254,"column":43}},"53":{"start":{"line":256,"column":4},"end":{"line":264,"column":9}},"54":{"start":{"line":258,"column":8},"end":{"line":258,"column":35}},"55":{"start":{"line":259,"column":8},"end":{"line":259,"column":25}},"56":{"start":{"line":263,"column":8},"end":{"line":263,"column":23}},"57":{"start":{"line":268,"column":66},"end":{"line":268,"column":76}},"58":{"start":{"line":269,"column":3},"end":{"line":269,"column":29}},"59":{"start":{"line":270,"column":3},"end":{"line":270,"column":28}},"60":{"start":{"line":271,"column":3},"end":{"line":271,"column":27}},"61":{"start":{"line":274,"column":4},"end":{"line":476,"column":6}},"62":{"start":{"line":392,"column":16},"end":{"line":422,"column":22}},"63":{"start":{"line":396,"column":31},"end":{"line":396,"column":62}}},"fnMap":{"0":{"name":"(anonymous_0)","decl":{"start":{"line":11,"column":2},"end":{"line":11,"column":3}},"loc":{"start":{"line":11,"column":21},"end":{"line":45,"column":3}},"line":11},"1":{"name":"(anonymous_1)","decl":{"start":{"line":53,"column":0},"end":{"line":53,"column":1}},"loc":{"start":{"line":53,"column":20},"end":{"line":56,"column":1}},"line":53},"2":{"name":"(anonymous_2)","decl":{"start":{"line":60,"column":0},"end":{"line":60,"column":1}},"loc":{"start":{"line":60,"column":22},"end":{"line":66,"column":1}},"line":60},"3":{"name":"(anonymous_3)","decl":{"start":{"line":70,"column":2},"end":{"line":70,"column":3}},"loc":{"start":{"line":70,"column":22},"end":{"line":74,"column":3}},"line":70},"4":{"name":"(anonymous_4)","decl":{"start":{"line":81,"column":2},"end":{"line":81,"column":3}},"loc":{"start":{"line":81,"column":18},"end":{"line":85,"column":3}},"line":81},"5":{"name":"(anonymous_5)","decl":{"start":{"line":90,"column":2},"end":{"line":90,"column":3}},"loc":{"start":{"line":90,"column":25},"end":{"line":94,"column":3}},"line":90},"6":{"name":"(anonymous_6)","decl":{"start":{"line":96,"column":2},"end":{"line":96,"column":3}},"loc":{"start":{"line":96,"column":16},"end":{"line":102,"column":3}},"line":96},"7":{"name":"(anonymous_7)","decl":{"start":{"line":104,"column":2},"end":{"line":104,"column":3}},"loc":{"start":{"line":104,"column":29},"end":{"line":109,"column":3}},"line":104},"8":{"name":"(anonymous_8)","decl":{"start":{"line":112,"column":2},"end":{"line":112,"column":3}},"loc":{"start":{"line":112,"column":24},"end":{"line":127,"column":3}},"line":112},"9":{"name":"(anonymous_9)","decl":{"start":{"line":116,"column":12},"end":{"line":116,"column":13}},"loc":{"start":{"line":116,"column":24},"end":{"line":123,"column":7}},"line":116},"10":{"name":"(anonymous_10)","decl":{"start":{"line":124,"column":13},"end":{"line":124,"column":14}},"loc":{"start":{"line":124,"column":18},"end":{"line":126,"column":7}},"line":124},"11":{"name":"(anonymous_11)","decl":{"start":{"line":130,"column":2},"end":{"line":130,"column":3}},"loc":{"start":{"line":130,"column":24},"end":{"line":184,"column":3}},"line":130},"12":{"name":"(anonymous_12)","decl":{"start":{"line":150,"column":12},"end":{"line":150,"column":13}},"loc":{"start":{"line":150,"column":24},"end":{"line":180,"column":7}},"line":150},"13":{"name":"(anonymous_13)","decl":{"start":{"line":181,"column":13},"end":{"line":181,"column":14}},"loc":{"start":{"line":181,"column":18},"end":{"line":183,"column":7}},"line":181},"14":{"name":"(anonymous_14)","decl":{"start":{"line":188,"column":2},"end":{"line":188,"column":3}},"loc":{"start":{"line":188,"column":15},"end":{"line":238,"column":3}},"line":188},"15":{"name":"(anonymous_15)","decl":{"start":{"line":205,"column":12},"end":{"line":205,"column":13}},"loc":{"start":{"line":205,"column":24},"end":{"line":234,"column":7}},"line":205},"16":{"name":"(anonymous_16)","decl":{"start":{"line":235,"column":13},"end":{"line":235,"column":14}},"loc":{"start":{"line":235,"column":18},"end":{"line":237,"column":7}},"line":235},"17":{"name":"(anonymous_17)","decl":{"start":{"line":241,"column":2},"end":{"line":241,"column":3}},"loc":{"start":{"line":241,"column":15},"end":{"line":265,"column":3}},"line":241},"18":{"name":"(anonymous_18)","decl":{"start":{"line":257,"column":12},"end":{"line":257,"column":13}},"loc":{"start":{"line":257,"column":24},"end":{"line":261,"column":7}},"line":257},"19":{"name":"(anonymous_19)","decl":{"start":{"line":262,"column":13},"end":{"line":262,"column":14}},"loc":{"start":{"line":262,"column":18},"end":{"line":264,"column":7}},"line":262},"20":{"name":"(anonymous_20)","decl":{"start":{"line":267,"column":2},"end":{"line":267,"column":3}},"loc":{"start":{"line":267,"column":11},"end":{"line":477,"column":3}},"line":267},"21":{"name":"(anonymous_21)","decl":{"start":{"line":391,"column":31},"end":{"line":391,"column":32}},"loc":{"start":{"line":392,"column":16},"end":{"line":422,"column":22}},"line":392},"22":{"name":"(anonymous_22)","decl":{"start":{"line":396,"column":25},"end":{"line":396,"column":26}},"loc":{"start":{"line":396,"column":31},"end":{"line":396,"column":62}},"line":396}},"branchMap":{"0":{"loc":{"start":{"line":394,"column":19},"end":{"line":394,"column":57}},"type":"cond-expr","locations":[{"start":{"line":394,"column":44},"end":{"line":394,"column":52}},{"start":{"line":394,"column":55},"end":{"line":394,"column":57}}],"line":394},"1":{"loc":{"start":{"line":432,"column":21},"end":{"line":467,"column":21}},"type":"cond-expr","locations":[{"start":{"line":433,"column":22},"end":{"line":458,"column":28}},{"start":{"line":464,"column":22},"end":{"line":466,"column":28}}],"line":432}},"s":{"0":5,"1":5,"2":5,"3":5,"4":5,"5":5,"6":5,"7":5,"8":5,"9":5,"10":5,"11":5,"12":5,"13":5,"14":0,"15":2,"16":22,"17":22,"18":0,"19":0,"20":1,"21":5,"22":5,"23":5,"24":5,"25":5,"26":0,"27":2,"28":2,"29":2,"30":2,"31":2,"32":2,"33":2,"34":2,"35":2,"36":0,"37":0,"38":0,"39":0,"40":0,"41":0,"42":0,"43":0,"44":0,"45":0,"46":0,"47":0,"48":0,"49":0,"50":0,"51":0,"52":0,"53":0,"54":0,"55":0,"56":0,"57":59,"58":59,"59":59,"60":59,"61":59,"62":370,"63":1},"f":{"0":5,"1":5,"2":0,"3":2,"4":22,"5":22,"6":0,"7":1,"8":5,"9":5,"10":0,"11":2,"12":2,"13":0,"14":0,"15":0,"16":0,"17":0,"18":0,"19":0,"20":59,"21":370,"22":1},"b":{"0":[1,369],"1":[1,58]},"_coverageSchema":"1a1c01bbd47fc00a2c39e90264f33305004495a9","hash":"1c7a7544b0d942306cf0cf8b6f736e379f84573c"}
,"/home/fani/Documents/REACT/FinalProject/agri-net/agri-info-frontend/web/src/components/imports/SuperAdminDictionaryEdit.js": {"path":"/home/fani/Documents/REACT/FinalProject/agri-net/agri-info-frontend/web/src/components/imports/SuperAdminDictionaryEdit.js","statementMap":{"0":{"start":{"line":10,"column":4},"end":{"line":10,"column":17}},"1":{"start":{"line":11,"column":4},"end":{"line":11,"column":61}},"2":{"start":{"line":12,"column":4},"end":{"line":12,"column":61}},"3":{"start":{"line":13,"column":4},"end":{"line":13,"column":75}},"4":{"start":{"line":14,"column":4},"end":{"line":14,"column":43}},"5":{"start":{"line":15,"column":4},"end":{"line":15,"column":49}},"6":{"start":{"line":16,"column":4},"end":{"line":16,"column":49}},"7":{"start":{"line":19,"column":4},"end":{"line":29,"column":6}},"8":{"start":{"line":33,"column":4},"end":{"line":33,"column":19}},"9":{"start":{"line":42,"column":19},"end":{"line":42,"column":33}},"10":{"start":{"line":43,"column":4},"end":{"line":45,"column":9}},"11":{"start":{"line":58,"column":4},"end":{"line":60,"column":9}},"12":{"start":{"line":65,"column":4},"end":{"line":67,"column":9}},"13":{"start":{"line":90,"column":8},"end":{"line":104,"column":11}},"14":{"start":{"line":105,"column":8},"end":{"line":105,"column":46}},"15":{"start":{"line":118,"column":15},"end":{"line":128,"column":5}},"16":{"start":{"line":131,"column":14},"end":{"line":131,"column":26}},"17":{"start":{"line":134,"column":4},"end":{"line":134,"column":22}},"18":{"start":{"line":135,"column":4},"end":{"line":135,"column":23}},"19":{"start":{"line":136,"column":4},"end":{"line":154,"column":9}},"20":{"start":{"line":143,"column":8},"end":{"line":143,"column":35}},"21":{"start":{"line":144,"column":8},"end":{"line":146,"column":11}},"22":{"start":{"line":153,"column":8},"end":{"line":153,"column":23}},"23":{"start":{"line":158,"column":18},"end":{"line":158,"column":30}},"24":{"start":{"line":159,"column":6},"end":{"line":166,"column":9}},"25":{"start":{"line":161,"column":8},"end":{"line":161,"column":35}},"26":{"start":{"line":162,"column":8},"end":{"line":162,"column":51}},"27":{"start":{"line":165,"column":8},"end":{"line":165,"column":23}},"28":{"start":{"line":170,"column":40},"end":{"line":170,"column":50}},"29":{"start":{"line":171,"column":3},"end":{"line":171,"column":24}},"30":{"start":{"line":172,"column":3},"end":{"line":172,"column":34}},"31":{"start":{"line":173,"column":3},"end":{"line":173,"column":45}},"32":{"start":{"line":178,"column":4},"end":{"line":298,"column":6}}},"fnMap":{"0":{"name":"(anonymous_0)","decl":{"start":{"line":9,"column":2},"end":{"line":9,"column":3}},"loc":{"start":{"line":9,"column":21},"end":{"line":30,"column":3}},"line":9},"1":{"name":"(anonymous_1)","decl":{"start":{"line":32,"column":2},"end":{"line":32,"column":3}},"loc":{"start":{"line":32,"column":22},"end":{"line":39,"column":3}},"line":32},"2":{"name":"(anonymous_2)","decl":{"start":{"line":41,"column":2},"end":{"line":41,"column":3}},"loc":{"start":{"line":41,"column":22},"end":{"line":55,"column":3}},"line":41},"3":{"name":"(anonymous_3)","decl":{"start":{"line":57,"column":2},"end":{"line":57,"column":3}},"loc":{"start":{"line":57,"column":22},"end":{"line":61,"column":3}},"line":57},"4":{"name":"(anonymous_4)","decl":{"start":{"line":64,"column":2},"end":{"line":64,"column":3}},"loc":{"start":{"line":64,"column":29},"end":{"line":68,"column":3}},"line":64},"5":{"name":"(anonymous_5)","decl":{"start":{"line":87,"column":2},"end":{"line":87,"column":3}},"loc":{"start":{"line":87,"column":12},"end":{"line":115,"column":3}},"line":87},"6":{"name":"(anonymous_6)","decl":{"start":{"line":117,"column":2},"end":{"line":117,"column":3}},"loc":{"start":{"line":117,"column":15},"end":{"line":155,"column":3}},"line":117},"7":{"name":"(anonymous_7)","decl":{"start":{"line":142,"column":12},"end":{"line":142,"column":13}},"loc":{"start":{"line":142,"column":24},"end":{"line":151,"column":7}},"line":142},"8":{"name":"(anonymous_8)","decl":{"start":{"line":152,"column":13},"end":{"line":152,"column":14}},"loc":{"start":{"line":152,"column":18},"end":{"line":154,"column":7}},"line":152},"9":{"name":"(anonymous_9)","decl":{"start":{"line":157,"column":2},"end":{"line":157,"column":3}},"loc":{"start":{"line":157,"column":15},"end":{"line":167,"column":3}},"line":157},"10":{"name":"(anonymous_10)","decl":{"start":{"line":160,"column":12},"end":{"line":160,"column":13}},"loc":{"start":{"line":160,"column":24},"end":{"line":163,"column":7}},"line":160},"11":{"name":"(anonymous_11)","decl":{"start":{"line":164,"column":13},"end":{"line":164,"column":14}},"loc":{"start":{"line":164,"column":18},"end":{"line":166,"column":7}},"line":164},"12":{"name":"(anonymous_12)","decl":{"start":{"line":169,"column":2},"end":{"line":169,"column":3}},"loc":{"start":{"line":169,"column":11},"end":{"line":299,"column":3}},"line":169}},"branchMap":{"0":{"loc":{"start":{"line":194,"column":9},"end":{"line":295,"column":9}},"type":"cond-expr","locations":[{"start":{"line":195,"column":10},"end":{"line":289,"column":16}},{"start":{"line":291,"column":10},"end":{"line":294,"column":16}}],"line":194}},"s":{"0":1,"1":1,"2":1,"3":1,"4":1,"5":1,"6":1,"7":1,"8":1,"9":0,"10":0,"11":0,"12":14,"13":1,"14":1,"15":1,"16":1,"17":1,"18":1,"19":1,"20":0,"21":0,"22":0,"23":0,"24":0,"25":0,"26":0,"27":0,"28":16,"29":16,"30":16,"31":16,"32":16},"f":{"0":1,"1":1,"2":0,"3":0,"4":14,"5":1,"6":1,"7":0,"8":0,"9":0,"10":0,"11":0,"12":16},"b":{"0":[16,0]},"_coverageSchema":"1a1c01bbd47fc00a2c39e90264f33305004495a9","hash":"355ef12087149b576547524cc063b75d1d76f55f"}
,"/home/fani/Documents/REACT/FinalProject/agri-net/agri-info-frontend/web/src/components/imports/SuperAdminRegisterAdmin.js": {"path":"/home/fani/Documents/REACT/FinalProject/agri-net/agri-info-frontend/web/src/components/imports/SuperAdminRegisterAdmin.js","statementMap":{"0":{"start":{"line":12,"column":4},"end":{"line":12,"column":17}},"1":{"start":{"line":13,"column":4},"end":{"line":13,"column":63}},"2":{"start":{"line":14,"column":4},"end":{"line":14,"column":61}},"3":{"start":{"line":16,"column":4},"end":{"line":16,"column":55}},"4":{"start":{"line":18,"column":4},"end":{"line":18,"column":47}},"5":{"start":{"line":19,"column":4},"end":{"line":19,"column":45}},"6":{"start":{"line":34,"column":4},"end":{"line":54,"column":6}},"7":{"start":{"line":58,"column":4},"end":{"line":60,"column":7}},"8":{"start":{"line":64,"column":4},"end":{"line":66,"column":7}},"9":{"start":{"line":77,"column":4},"end":{"line":79,"column":7}},"10":{"start":{"line":90,"column":4},"end":{"line":90,"column":43}},"11":{"start":{"line":91,"column":4},"end":{"line":91,"column":39}},"12":{"start":{"line":92,"column":4},"end":{"line":92,"column":31}},"13":{"start":{"line":93,"column":15},"end":{"line":100,"column":5}},"14":{"start":{"line":103,"column":16},"end":{"line":103,"column":28}},"15":{"start":{"line":105,"column":4},"end":{"line":105,"column":22}},"16":{"start":{"line":106,"column":4},"end":{"line":106,"column":23}},"17":{"start":{"line":108,"column":4},"end":{"line":141,"column":9}},"18":{"start":{"line":110,"column":8},"end":{"line":136,"column":11}},"19":{"start":{"line":137,"column":8},"end":{"line":137,"column":35}},"20":{"start":{"line":140,"column":8},"end":{"line":140,"column":23}},"21":{"start":{"line":145,"column":4},"end":{"line":176,"column":7}},"22":{"start":{"line":180,"column":4},"end":{"line":180,"column":43}},"23":{"start":{"line":181,"column":4},"end":{"line":181,"column":39}},"24":{"start":{"line":182,"column":4},"end":{"line":286,"column":6}}},"fnMap":{"0":{"name":"(anonymous_0)","decl":{"start":{"line":11,"column":2},"end":{"line":11,"column":3}},"loc":{"start":{"line":11,"column":21},"end":{"line":55,"column":3}},"line":11},"1":{"name":"(anonymous_1)","decl":{"start":{"line":57,"column":2},"end":{"line":57,"column":3}},"loc":{"start":{"line":57,"column":23},"end":{"line":61,"column":3}},"line":57},"2":{"name":"(anonymous_2)","decl":{"start":{"line":63,"column":2},"end":{"line":63,"column":3}},"loc":{"start":{"line":63,"column":22},"end":{"line":67,"column":3}},"line":63},"3":{"name":"(anonymous_3)","decl":{"start":{"line":76,"column":2},"end":{"line":76,"column":3}},"loc":{"start":{"line":76,"column":19},"end":{"line":80,"column":3}},"line":76},"4":{"name":"(anonymous_4)","decl":{"start":{"line":89,"column":2},"end":{"line":89,"column":3}},"loc":{"start":{"line":89,"column":14},"end":{"line":142,"column":3}},"line":89},"5":{"name":"(anonymous_5)","decl":{"start":{"line":109,"column":12},"end":{"line":109,"column":13}},"loc":{"start":{"line":109,"column":24},"end":{"line":138,"column":7}},"line":109},"6":{"name":"(anonymous_6)","decl":{"start":{"line":139,"column":13},"end":{"line":139,"column":14}},"loc":{"start":{"line":139,"column":18},"end":{"line":141,"column":7}},"line":139},"7":{"name":"(anonymous_7)","decl":{"start":{"line":144,"column":2},"end":{"line":144,"column":3}},"loc":{"start":{"line":144,"column":13},"end":{"line":177,"column":3}},"line":144},"8":{"name":"(anonymous_8)","decl":{"start":{"line":179,"column":2},"end":{"line":179,"column":3}},"loc":{"start":{"line":179,"column":11},"end":{"line":287,"column":3}},"line":179}},"branchMap":{"0":{"loc":{"start":{"line":198,"column":9},"end":{"line":283,"column":9}},"type":"cond-expr","locations":[{"start":{"line":199,"column":10},"end":{"line":204,"column":16}},{"start":{"line":206,"column":10},"end":{"line":282,"column":16}}],"line":198}},"s":{"0":2,"1":2,"2":2,"3":2,"4":2,"5":2,"6":2,"7":14,"8":14,"9":44,"10":2,"11":2,"12":2,"13":2,"14":2,"15":2,"16":2,"17":2,"18":0,"19":0,"20":0,"21":0,"22":74,"23":74,"24":74},"f":{"0":2,"1":14,"2":14,"3":44,"4":2,"5":0,"6":0,"7":0,"8":74},"b":{"0":[0,74]},"_coverageSchema":"1a1c01bbd47fc00a2c39e90264f33305004495a9","hash":"796097cfd099a18d6d78201878f9ed1cb2912c7a"}
,"/home/fani/Documents/REACT/FinalProject/agri-net/agri-info-frontend/web/src/components/imports/SuperControlAdmin.js": {"path":"/home/fani/Documents/REACT/FinalProject/agri-net/agri-info-frontend/web/src/components/imports/SuperControlAdmin.js","statementMap":{"0":{"start":{"line":11,"column":4},"end":{"line":11,"column":17}},"1":{"start":{"line":12,"column":4},"end":{"line":12,"column":67}},"2":{"start":{"line":13,"column":4},"end":{"line":13,"column":56}},"3":{"start":{"line":14,"column":4},"end":{"line":14,"column":51}},"4":{"start":{"line":15,"column":4},"end":{"line":15,"column":57}},"5":{"start":{"line":16,"column":4},"end":{"line":16,"column":59}},"6":{"start":{"line":17,"column":4},"end":{"line":17,"column":51}},"7":{"start":{"line":18,"column":4},"end":{"line":18,"column":51}},"8":{"start":{"line":20,"column":4},"end":{"line":55,"column":6}},"9":{"start":{"line":59,"column":4},"end":{"line":59,"column":27}},"10":{"start":{"line":60,"column":4},"end":{"line":60,"column":25}},"11":{"start":{"line":64,"column":24},"end":{"line":64,"column":38}},"12":{"start":{"line":66,"column":4},"end":{"line":68,"column":7}},"13":{"start":{"line":72,"column":4},"end":{"line":81,"column":9}},"14":{"start":{"line":74,"column":8},"end":{"line":76,"column":11}},"15":{"start":{"line":77,"column":8},"end":{"line":77,"column":35}},"16":{"start":{"line":80,"column":8},"end":{"line":80,"column":23}},"17":{"start":{"line":85,"column":4},"end":{"line":85,"column":25}},"18":{"start":{"line":86,"column":4},"end":{"line":89,"column":7}},"19":{"start":{"line":93,"column":4},"end":{"line":96,"column":7}},"20":{"start":{"line":100,"column":4},"end":{"line":107,"column":9}},"21":{"start":{"line":102,"column":8},"end":{"line":102,"column":35}},"22":{"start":{"line":103,"column":8},"end":{"line":103,"column":27}},"23":{"start":{"line":106,"column":8},"end":{"line":106,"column":23}},"24":{"start":{"line":111,"column":4},"end":{"line":114,"column":7}},"25":{"start":{"line":116,"column":4},"end":{"line":125,"column":9}},"26":{"start":{"line":118,"column":8},"end":{"line":120,"column":11}},"27":{"start":{"line":121,"column":8},"end":{"line":121,"column":35}},"28":{"start":{"line":124,"column":8},"end":{"line":124,"column":23}},"29":{"start":{"line":129,"column":17},"end":{"line":129,"column":29}},"30":{"start":{"line":130,"column":4},"end":{"line":130,"column":23}},"31":{"start":{"line":131,"column":4},"end":{"line":143,"column":9}},"32":{"start":{"line":133,"column":8},"end":{"line":135,"column":11}},"33":{"start":{"line":137,"column":8},"end":{"line":137,"column":35}},"34":{"start":{"line":138,"column":8},"end":{"line":138,"column":40}},"35":{"start":{"line":139,"column":8},"end":{"line":139,"column":57}},"36":{"start":{"line":142,"column":8},"end":{"line":142,"column":23}},"37":{"start":{"line":147,"column":56},"end":{"line":147,"column":66}},"38":{"start":{"line":148,"column":4},"end":{"line":148,"column":24}},"39":{"start":{"line":151,"column":4},"end":{"line":325,"column":6}},"40":{"start":{"line":190,"column":12},"end":{"line":216,"column":19}},"41":{"start":{"line":194,"column":31},"end":{"line":194,"column":64}}},"fnMap":{"0":{"name":"(anonymous_0)","decl":{"start":{"line":10,"column":2},"end":{"line":10,"column":3}},"loc":{"start":{"line":10,"column":21},"end":{"line":56,"column":3}},"line":10},"1":{"name":"(anonymous_1)","decl":{"start":{"line":58,"column":2},"end":{"line":58,"column":3}},"loc":{"start":{"line":58,"column":22},"end":{"line":61,"column":3}},"line":58},"2":{"name":"(anonymous_2)","decl":{"start":{"line":63,"column":2},"end":{"line":63,"column":3}},"loc":{"start":{"line":63,"column":25},"end":{"line":69,"column":3}},"line":63},"3":{"name":"(anonymous_3)","decl":{"start":{"line":71,"column":2},"end":{"line":71,"column":3}},"loc":{"start":{"line":71,"column":18},"end":{"line":82,"column":3}},"line":71},"4":{"name":"(anonymous_4)","decl":{"start":{"line":73,"column":12},"end":{"line":73,"column":13}},"loc":{"start":{"line":73,"column":24},"end":{"line":78,"column":7}},"line":73},"5":{"name":"(anonymous_5)","decl":{"start":{"line":79,"column":13},"end":{"line":79,"column":14}},"loc":{"start":{"line":79,"column":18},"end":{"line":81,"column":7}},"line":79},"6":{"name":"(anonymous_6)","decl":{"start":{"line":84,"column":2},"end":{"line":84,"column":3}},"loc":{"start":{"line":84,"column":16},"end":{"line":90,"column":3}},"line":84},"7":{"name":"(anonymous_7)","decl":{"start":{"line":92,"column":2},"end":{"line":92,"column":3}},"loc":{"start":{"line":92,"column":31},"end":{"line":97,"column":3}},"line":92},"8":{"name":"(anonymous_8)","decl":{"start":{"line":99,"column":2},"end":{"line":99,"column":3}},"loc":{"start":{"line":99,"column":20},"end":{"line":108,"column":3}},"line":99},"9":{"name":"(anonymous_9)","decl":{"start":{"line":101,"column":12},"end":{"line":101,"column":13}},"loc":{"start":{"line":101,"column":24},"end":{"line":104,"column":7}},"line":101},"10":{"name":"(anonymous_10)","decl":{"start":{"line":105,"column":13},"end":{"line":105,"column":14}},"loc":{"start":{"line":105,"column":18},"end":{"line":107,"column":7}},"line":105},"11":{"name":"(anonymous_11)","decl":{"start":{"line":110,"column":2},"end":{"line":110,"column":3}},"loc":{"start":{"line":110,"column":16},"end":{"line":126,"column":3}},"line":110},"12":{"name":"(anonymous_12)","decl":{"start":{"line":117,"column":12},"end":{"line":117,"column":13}},"loc":{"start":{"line":117,"column":24},"end":{"line":122,"column":7}},"line":117},"13":{"name":"(anonymous_13)","decl":{"start":{"line":123,"column":13},"end":{"line":123,"column":14}},"loc":{"start":{"line":123,"column":18},"end":{"line":125,"column":7}},"line":123},"14":{"name":"(anonymous_14)","decl":{"start":{"line":128,"column":2},"end":{"line":128,"column":3}},"loc":{"start":{"line":128,"column":16},"end":{"line":144,"column":3}},"line":128},"15":{"name":"(anonymous_15)","decl":{"start":{"line":132,"column":12},"end":{"line":132,"column":13}},"loc":{"start":{"line":132,"column":24},"end":{"line":140,"column":7}},"line":132},"16":{"name":"(anonymous_16)","decl":{"start":{"line":141,"column":13},"end":{"line":141,"column":14}},"loc":{"start":{"line":141,"column":18},"end":{"line":143,"column":7}},"line":141},"17":{"name":"(anonymous_17)","decl":{"start":{"line":146,"column":2},"end":{"line":146,"column":3}},"loc":{"start":{"line":146,"column":11},"end":{"line":326,"column":3}},"line":146},"18":{"name":"(anonymous_18)","decl":{"start":{"line":189,"column":23},"end":{"line":189,"column":24}},"loc":{"start":{"line":190,"column":12},"end":{"line":216,"column":19}},"line":190},"19":{"name":"(anonymous_19)","decl":{"start":{"line":194,"column":25},"end":{"line":194,"column":26}},"loc":{"start":{"line":194,"column":31},"end":{"line":194,"column":64}},"line":194}},"branchMap":{"0":{"loc":{"start":{"line":192,"column":19},"end":{"line":192,"column":57}},"type":"cond-expr","locations":[{"start":{"line":192,"column":44},"end":{"line":192,"column":52}},{"start":{"line":192,"column":55},"end":{"line":192,"column":57}}],"line":192},"1":{"loc":{"start":{"line":229,"column":11},"end":{"line":321,"column":11}},"type":"cond-expr","locations":[{"start":{"line":230,"column":12},"end":{"line":315,"column":18}},{"start":{"line":317,"column":12},"end":{"line":320,"column":18}}],"line":229}},"s":{"0":6,"1":6,"2":6,"3":6,"4":6,"5":6,"6":6,"7":6,"8":6,"9":6,"10":6,"11":0,"12":0,"13":6,"14":6,"15":6,"16":0,"17":0,"18":0,"19":0,"20":0,"21":0,"22":0,"23":0,"24":0,"25":0,"26":0,"27":0,"28":0,"29":0,"30":0,"31":0,"32":0,"33":0,"34":0,"35":0,"36":0,"37":10,"38":10,"39":10,"40":12,"41":0},"f":{"0":6,"1":6,"2":0,"3":6,"4":6,"5":0,"6":0,"7":0,"8":0,"9":0,"10":0,"11":0,"12":0,"13":0,"14":0,"15":0,"16":0,"17":10,"18":12,"19":0},"b":{"0":[0,12],"1":[0,10]},"_coverageSchema":"1a1c01bbd47fc00a2c39e90264f33305004495a9","hash":"06e0a1dc04504df42484aff9746fcfb7382afdae"}
,"/home/fani/Documents/REACT/FinalProject/agri-net/agri-info-frontend/web/src/components/pages/BroadcastRec.js": {"path":"/home/fani/Documents/REACT/FinalProject/agri-net/agri-info-frontend/web/src/components/pages/BroadcastRec.js","statementMap":{"0":{"start":{"line":6,"column":21},"end":{"line":16,"column":1}},"1":{"start":{"line":7,"column":4},"end":{"line":15,"column":5}}},"fnMap":{"0":{"name":"(anonymous_0)","decl":{"start":{"line":6,"column":21},"end":{"line":6,"column":22}},"loc":{"start":{"line":6,"column":27},"end":{"line":16,"column":1}},"line":6}},"branchMap":{},"s":{"0":39,"1":2},"f":{"0":2},"b":{},"_coverageSchema":"1a1c01bbd47fc00a2c39e90264f33305004495a9","hash":"0a6397c27e362977938436e4fd6ab46aa44d050b"}
,"/home/fani/Documents/REACT/FinalProject/agri-net/agri-info-frontend/web/src/components/pages/InfoAdmin.js": {"path":"/home/fani/Documents/REACT/FinalProject/agri-net/agri-info-frontend/web/src/components/pages/InfoAdmin.js","statementMap":{"0":{"start":{"line":5,"column":18},"end":{"line":12,"column":1}},"1":{"start":{"line":6,"column":4},"end":{"line":11,"column":5}}},"fnMap":{"0":{"name":"(anonymous_0)","decl":{"start":{"line":5,"column":18},"end":{"line":5,"column":19}},"loc":{"start":{"line":5,"column":24},"end":{"line":12,"column":1}},"line":5}},"branchMap":{},"s":{"0":39,"1":24},"f":{"0":24},"b":{},"_coverageSchema":"1a1c01bbd47fc00a2c39e90264f33305004495a9","hash":"bed225464041105339229f70c4478a6d2ba44075"}
,"/home/fani/Documents/REACT/FinalProject/agri-net/agri-info-frontend/web/src/components/pages/LoginPage.js": {"path":"/home/fani/Documents/REACT/FinalProject/agri-net/agri-info-frontend/web/src/components/pages/LoginPage.js","statementMap":{"0":{"start":{"line":5,"column":18},"end":{"line":13,"column":1}},"1":{"start":{"line":6,"column":4},"end":{"line":12,"column":5}}},"fnMap":{"0":{"name":"(anonymous_0)","decl":{"start":{"line":5,"column":18},"end":{"line":5,"column":19}},"loc":{"start":{"line":5,"column":24},"end":{"line":13,"column":1}},"line":5}},"branchMap":{},"s":{"0":39,"1":39},"f":{"0":39},"b":{},"_coverageSchema":"1a1c01bbd47fc00a2c39e90264f33305004495a9","hash":"b8785679c53533bc6baca7f5818e2a76144335ff"}
,"/home/fani/Documents/REACT/FinalProject/agri-net/agri-info-frontend/web/src/components/pages/SuperAdminDictionary.js": {"path":"/home/fani/Documents/REACT/FinalProject/agri-net/agri-info-frontend/web/src/components/pages/SuperAdminDictionary.js","statementMap":{"0":{"start":{"line":5,"column":29},"end":{"line":12,"column":1}},"1":{"start":{"line":6,"column":4},"end":{"line":11,"column":5}}},"fnMap":{"0":{"name":"(anonymous_0)","decl":{"start":{"line":5,"column":29},"end":{"line":5,"column":30}},"loc":{"start":{"line":5,"column":35},"end":{"line":12,"column":1}},"line":5}},"branchMap":{},"s":{"0":39,"1":5},"f":{"0":5},"b":{},"_coverageSchema":"1a1c01bbd47fc00a2c39e90264f33305004495a9","hash":"4a8a41dd5fa1de9ee3337d45bdd44e73c4083a5b"}
,"/home/fani/Documents/REACT/FinalProject/agri-net/agri-info-frontend/web/src/components/pages/SuperAdminProd.js": {"path":"/home/fani/Documents/REACT/FinalProject/agri-net/agri-info-frontend/web/src/components/pages/SuperAdminProd.js","statementMap":{"0":{"start":{"line":5,"column":23},"end":{"line":12,"column":1}},"1":{"start":{"line":6,"column":4},"end":{"line":11,"column":5}}},"fnMap":{"0":{"name":"(anonymous_0)","decl":{"start":{"line":5,"column":23},"end":{"line":5,"column":24}},"loc":{"start":{"line":5,"column":29},"end":{"line":12,"column":1}},"line":5}},"branchMap":{},"s":{"0":39,"1":15},"f":{"0":15},"b":{},"_coverageSchema":"1a1c01bbd47fc00a2c39e90264f33305004495a9","hash":"8fb23db41d33eb465a0f230e38e8d0e766279c96"}
,"/home/fani/Documents/REACT/FinalProject/agri-net/agri-info-frontend/web/src/components/pages/SuperControlAdmins.js": {"path":"/home/fani/Documents/REACT/FinalProject/agri-net/agri-info-frontend/web/src/components/pages/SuperControlAdmins.js","statementMap":{"0":{"start":{"line":5,"column":27},"end":{"line":12,"column":1}},"1":{"start":{"line":6,"column":4},"end":{"line":11,"column":5}}},"fnMap":{"0":{"name":"(anonymous_0)","decl":{"start":{"line":5,"column":27},"end":{"line":5,"column":28}},"loc":{"start":{"line":5,"column":33},"end":{"line":12,"column":1}},"line":5}},"branchMap":{},"s":{"0":39,"1":6},"f":{"0":6},"b":{},"_coverageSchema":"1a1c01bbd47fc00a2c39e90264f33305004495a9","hash":"2e4b0786058d04996077927ca58926918385d14d"}
,"/home/fani/Documents/REACT/FinalProject/agri-net/agri-info-frontend/web/src/services/prodcutService.js": {"path":"/home/fani/Documents/REACT/FinalProject/agri-net/agri-info-frontend/web/src/services/prodcutService.js","statementMap":{"0":{"start":{"line":8,"column":4},"end":{"line":8,"column":37}},"1":{"start":{"line":15,"column":4},"end":{"line":15,"column":32}},"2":{"start":{"line":19,"column":4},"end":{"line":19,"column":33}},"3":{"start":{"line":23,"column":4},"end":{"line":23,"column":41}},"4":{"start":{"line":31,"column":4},"end":{"line":35,"column":5}},"5":{"start":{"line":39,"column":4},"end":{"line":44,"column":7}},"6":{"start":{"line":54,"column":4},"end":{"line":54,"column":42}},"7":{"start":{"line":59,"column":4},"end":{"line":59,"column":36}},"8":{"start":{"line":63,"column":4},"end":{"line":63,"column":52}},"9":{"start":{"line":69,"column":4},"end":{"line":69,"column":35}},"10":{"start":{"line":73,"column":4},"end":{"line":73,"column":54}},"11":{"start":{"line":81,"column":4},"end":{"line":86,"column":7}},"12":{"start":{"line":101,"column":4},"end":{"line":106,"column":7}},"13":{"start":{"line":111,"column":4},"end":{"line":116,"column":6}},"14":{"start":{"line":121,"column":4},"end":{"line":126,"column":6}},"15":{"start":{"line":131,"column":4},"end":{"line":136,"column":6}},"16":{"start":{"line":141,"column":4},"end":{"line":146,"column":6}},"17":{"start":{"line":160,"column":6},"end":{"line":165,"column":8}},"18":{"start":{"line":178,"column":4},"end":{"line":183,"column":6}},"19":{"start":{"line":188,"column":4},"end":{"line":188,"column":43}}},"fnMap":{"0":{"name":"(anonymous_0)","decl":{"start":{"line":7,"column":2},"end":{"line":7,"column":3}},"loc":{"start":{"line":7,"column":18},"end":{"line":9,"column":3}},"line":7},"1":{"name":"(anonymous_1)","decl":{"start":{"line":14,"column":2},"end":{"line":14,"column":3}},"loc":{"start":{"line":14,"column":11},"end":{"line":16,"column":3}},"line":14},"2":{"name":"(anonymous_2)","decl":{"start":{"line":18,"column":2},"end":{"line":18,"column":3}},"loc":{"start":{"line":18,"column":11},"end":{"line":20,"column":3}},"line":18},"3":{"name":"(anonymous_3)","decl":{"start":{"line":22,"column":2},"end":{"line":22,"column":3}},"loc":{"start":{"line":22,"column":10},"end":{"line":24,"column":3}},"line":22},"4":{"name":"(anonymous_4)","decl":{"start":{"line":30,"column":2},"end":{"line":30,"column":3}},"loc":{"start":{"line":30,"column":22},"end":{"line":36,"column":3}},"line":30},"5":{"name":"(anonymous_5)","decl":{"start":{"line":38,"column":2},"end":{"line":38,"column":3}},"loc":{"start":{"line":38,"column":22},"end":{"line":46,"column":3}},"line":38},"6":{"name":"(anonymous_6)","decl":{"start":{"line":53,"column":2},"end":{"line":53,"column":3}},"loc":{"start":{"line":53,"column":13},"end":{"line":56,"column":3}},"line":53},"7":{"name":"(anonymous_7)","decl":{"start":{"line":58,"column":2},"end":{"line":58,"column":3}},"loc":{"start":{"line":58,"column":14},"end":{"line":60,"column":3}},"line":58},"8":{"name":"(anonymous_8)","decl":{"start":{"line":62,"column":2},"end":{"line":62,"column":3}},"loc":{"start":{"line":62,"column":20},"end":{"line":64,"column":3}},"line":62},"9":{"name":"(anonymous_9)","decl":{"start":{"line":68,"column":2},"end":{"line":68,"column":3}},"loc":{"start":{"line":68,"column":17},"end":{"line":70,"column":3}},"line":68},"10":{"name":"(anonymous_10)","decl":{"start":{"line":72,"column":2},"end":{"line":72,"column":3}},"loc":{"start":{"line":72,"column":24},"end":{"line":74,"column":3}},"line":72},"11":{"name":"(anonymous_11)","decl":{"start":{"line":80,"column":2},"end":{"line":80,"column":3}},"loc":{"start":{"line":80,"column":33},"end":{"line":87,"column":3}},"line":80},"12":{"name":"(anonymous_12)","decl":{"start":{"line":100,"column":2},"end":{"line":100,"column":3}},"loc":{"start":{"line":100,"column":26},"end":{"line":107,"column":3}},"line":100},"13":{"name":"(anonymous_13)","decl":{"start":{"line":110,"column":2},"end":{"line":110,"column":3}},"loc":{"start":{"line":110,"column":31},"end":{"line":117,"column":3}},"line":110},"14":{"name":"(anonymous_14)","decl":{"start":{"line":120,"column":3},"end":{"line":120,"column":4}},"loc":{"start":{"line":120,"column":26},"end":{"line":127,"column":3}},"line":120},"15":{"name":"(anonymous_15)","decl":{"start":{"line":130,"column":3},"end":{"line":130,"column":4}},"loc":{"start":{"line":130,"column":22},"end":{"line":137,"column":3}},"line":130},"16":{"name":"(anonymous_16)","decl":{"start":{"line":140,"column":3},"end":{"line":140,"column":4}},"loc":{"start":{"line":140,"column":27},"end":{"line":147,"column":3}},"line":140},"17":{"name":"(anonymous_17)","decl":{"start":{"line":159,"column":4},"end":{"line":159,"column":5}},"loc":{"start":{"line":159,"column":30},"end":{"line":166,"column":5}},"line":159},"18":{"name":"(anonymous_18)","decl":{"start":{"line":177,"column":2},"end":{"line":177,"column":3}},"loc":{"start":{"line":177,"column":29},"end":{"line":185,"column":3}},"line":177},"19":{"name":"(anonymous_19)","decl":{"start":{"line":187,"column":2},"end":{"line":187,"column":3}},"loc":{"start":{"line":187,"column":15},"end":{"line":189,"column":3}},"line":187}},"branchMap":{},"s":{"0":39,"1":0,"2":39,"3":4,"4":2,"5":4,"6":0,"7":0,"8":6,"9":6,"10":0,"11":2,"12":2,"13":0,"14":5,"15":0,"16":1,"17":0,"18":0,"19":0},"f":{"0":39,"1":0,"2":39,"3":4,"4":2,"5":4,"6":0,"7":0,"8":6,"9":6,"10":0,"11":2,"12":2,"13":0,"14":5,"15":0,"16":1,"17":0,"18":0,"19":0},"b":{},"_coverageSchema":"1a1c01bbd47fc00a2c39e90264f33305004495a9","hash":"656e700d0c59357fe12a9209e3723474b5a2b673"}
}
