{"total": {"lines":{"total":477,"covered":298,"skipped":0,"pct":62.47},"statements":{"total":483,"covered":299,"skipped":0,"pct":61.9},"functions":{"total":194,"covered":97,"skipped":0,"pct":50},"branches":{"total":54,"covered":24,"skipped":0,"pct":44.44},"branchesTrue":{"total":0,"covered":0,"skipped":0,"pct":100}}
,"/home/fani/Documents/REACT/FinalProject/agri-net/agri-info-frontend/web/src/App.js": {"lines":{"total":1,"covered":1,"skipped":0,"pct":100},"functions":{"total":1,"covered":1,"skipped":0,"pct":100},"statements":{"total":1,"covered":1,"skipped":0,"pct":100},"branches":{"total":0,"covered":0,"skipped":0,"pct":100}}
,"/home/fani/Documents/REACT/FinalProject/agri-net/agri-info-frontend/web/src/httpbase.js": {"lines":{"total":0,"covered":0,"skipped":0,"pct":0},"functions":{"total":0,"covered":0,"skipped":0,"pct":0},"statements":{"total":0,"covered":0,"skipped":0,"pct":0},"branches":{"total":0,"covered":0,"skipped":0,"pct":0}}
,"/home/fani/Documents/REACT/FinalProject/agri-net/agri-info-frontend/web/src/index.js": {"lines":{"total":1,"covered":1,"skipped":0,"pct":100},"functions":{"total":0,"covered":0,"skipped":0,"pct":100},"statements":{"total":1,"covered":1,"skipped":0,"pct":100},"branches":{"total":0,"covered":0,"skipped":0,"pct":100}}
,"/home/fani/Documents/REACT/FinalProject/agri-net/agri-info-frontend/web/src/components/Navbar.js": {"lines":{"total":5,"covered":5,"skipped":0,"pct":100},"functions":{"total":3,"covered":1,"skipped":0,"pct":33.33},"statements":{"total":7,"covered":5,"skipped":0,"pct":71.42},"branches":{"total":4,"covered":2,"skipped":0,"pct":50}}
,"/home/fani/Documents/REACT/FinalProject/agri-net/agri-info-frontend/web/src/components/imports/BrodReceived.js": {"lines":{"total":90,"covered":34,"skipped":0,"pct":37.77},"functions":{"total":28,"covered":5,"skipped":0,"pct":17.85},"statements":{"total":92,"covered":34,"skipped":0,"pct":36.95},"branches":{"total":14,"covered":3,"skipped":0,"pct":21.42}}
,"/home/fani/Documents/REACT/FinalProject/agri-net/agri-info-frontend/web/src/components/imports/HeaderBrod.js": {"lines":{"total":2,"covered":2,"skipped":0,"pct":100},"functions":{"total":1,"covered":1,"skipped":0,"pct":100},"statements":{"total":2,"covered":2,"skipped":0,"pct":100},"branches":{"total":0,"covered":0,"skipped":0,"pct":100}}
,"/home/fani/Documents/REACT/FinalProject/agri-net/agri-info-frontend/web/src/components/imports/HeaderInfo.js": {"lines":{"total":2,"covered":2,"skipped":0,"pct":100},"functions":{"total":1,"covered":1,"skipped":0,"pct":100},"statements":{"total":2,"covered":2,"skipped":0,"pct":100},"branches":{"total":0,"covered":0,"skipped":0,"pct":100}}
,"/home/fani/Documents/REACT/FinalProject/agri-net/agri-info-frontend/web/src/components/imports/HeaderSuper.js": {"lines":{"total":2,"covered":2,"skipped":0,"pct":100},"functions":{"total":1,"covered":1,"skipped":0,"pct":100},"statements":{"total":2,"covered":2,"skipped":0,"pct":100},"branches":{"total":0,"covered":0,"skipped":0,"pct":100}}
,"/home/fani/Documents/REACT/FinalProject/agri-net/agri-info-frontend/web/src/components/imports/LoginPageImp.js": {"lines":{"total":48,"covered":34,"skipped":0,"pct":70.83},"functions":{"total":8,"covered":6,"skipped":0,"pct":75},"statements":{"total":48,"covered":34,"skipped":0,"pct":70.83},"branches":{"total":12,"covered":4,"skipped":0,"pct":33.33}}
,"/home/fani/Documents/REACT/FinalProject/agri-net/agri-info-frontend/web/src/components/imports/ProductComponent.js": {"lines":{"total":33,"covered":27,"skipped":0,"pct":81.81},"functions":{"total":14,"covered":9,"skipped":0,"pct":64.28},"statements":{"total":33,"covered":27,"skipped":0,"pct":81.81},"branches":{"total":2,"covered":1,"skipped":0,"pct":50}}
,"/home/fani/Documents/REACT/FinalProject/agri-net/agri-info-frontend/web/src/components/imports/Products.js": {"lines":{"total":39,"covered":31,"skipped":0,"pct":79.48},"functions":{"total":18,"covered":12,"skipped":0,"pct":66.66},"statements":{"total":40,"covered":32,"skipped":0,"pct":80},"branches":{"total":4,"covered":4,"skipped":0,"pct":100}}
,"/home/fani/Documents/REACT/FinalProject/agri-net/agri-info-frontend/web/src/components/imports/ProductsSuper.js": {"lines":{"total":35,"covered":18,"skipped":0,"pct":51.42},"functions":{"total":18,"covered":5,"skipped":0,"pct":27.77},"statements":{"total":36,"covered":18,"skipped":0,"pct":50},"branches":{"total":4,"covered":1,"skipped":0,"pct":25}}
,"/home/fani/Documents/REACT/FinalProject/agri-net/agri-info-frontend/web/src/components/imports/SuperAdminAddPr.js": {"lines":{"total":23,"covered":18,"skipped":0,"pct":78.26},"functions":{"total":10,"covered":7,"skipped":0,"pct":70},"statements":{"total":23,"covered":18,"skipped":0,"pct":78.26},"branches":{"total":2,"covered":1,"skipped":0,"pct":50}}
,"/home/fani/Documents/REACT/FinalProject/agri-net/agri-info-frontend/web/src/components/imports/SuperAdminDictionary.js": {"lines":{"total":64,"covered":39,"skipped":0,"pct":60.93},"functions":{"total":23,"covered":13,"skipped":0,"pct":56.52},"statements":{"total":64,"covered":39,"skipped":0,"pct":60.93},"branches":{"total":4,"covered":4,"skipped":0,"pct":100}}
,"/home/fani/Documents/REACT/FinalProject/agri-net/agri-info-frontend/web/src/components/imports/SuperAdminDictionaryEdit.js": {"lines":{"total":33,"covered":22,"skipped":0,"pct":66.66},"functions":{"total":13,"covered":6,"skipped":0,"pct":46.15},"statements":{"total":33,"covered":22,"skipped":0,"pct":66.66},"branches":{"total":2,"covered":1,"skipped":0,"pct":50}}
,"/home/fani/Documents/REACT/FinalProject/agri-net/agri-info-frontend/web/src/components/imports/SuperAdminRegisterAdmin.js": {"lines":{"total":25,"covered":21,"skipped":0,"pct":84},"functions":{"total":9,"covered":6,"skipped":0,"pct":66.66},"statements":{"total":25,"covered":21,"skipped":0,"pct":84},"branches":{"total":2,"covered":1,"skipped":0,"pct":50}}
,"/home/fani/Documents/REACT/FinalProject/agri-net/agri-info-frontend/web/src/components/imports/SuperControlAdmin.js": {"lines":{"total":42,"covered":18,"skipped":0,"pct":42.85},"functions":{"total":20,"covered":6,"skipped":0,"pct":30},"statements":{"total":42,"covered":18,"skipped":0,"pct":42.85},"branches":{"total":4,"covered":2,"skipped":0,"pct":50}}
,"/home/fani/Documents/REACT/FinalProject/agri-net/agri-info-frontend/web/src/components/pages/BroadcastRec.js": {"lines":{"total":2,"covered":2,"skipped":0,"pct":100},"functions":{"total":1,"covered":1,"skipped":0,"pct":100},"statements":{"total":2,"covered":2,"skipped":0,"pct":100},"branches":{"total":0,"covered":0,"skipped":0,"pct":100}}
,"/home/fani/Documents/REACT/FinalProject/agri-net/agri-info-frontend/web/src/components/pages/InfoAdmin.js": {"lines":{"total":2,"covered":2,"skipped":0,"pct":100},"functions":{"total":1,"covered":1,"skipped":0,"pct":100},"statements":{"total":2,"covered":2,"skipped":0,"pct":100},"branches":{"total":0,"covered":0,"skipped":0,"pct":100}}
,"/home/fani/Documents/REACT/FinalProject/agri-net/agri-info-frontend/web/src/components/pages/LoginPage.js": {"lines":{"total":2,"covered":2,"skipped":0,"pct":100},"functions":{"total":1,"covered":1,"skipped":0,"pct":100},"statements":{"total":2,"covered":2,"skipped":0,"pct":100},"branches":{"total":0,"covered":0,"skipped":0,"pct":100}}
,"/home/fani/Documents/REACT/FinalProject/agri-net/agri-info-frontend/web/src/components/pages/SuperAdminDictionary.js": {"lines":{"total":2,"covered":2,"skipped":0,"pct":100},"functions":{"total":1,"covered":1,"skipped":0,"pct":100},"statements":{"total":2,"covered":2,"skipped":0,"pct":100},"branches":{"total":0,"covered":0,"skipped":0,"pct":100}}
,"/home/fani/Documents/REACT/FinalProject/agri-net/agri-info-frontend/web/src/components/pages/SuperAdminProd.js": {"lines":{"total":2,"covered":2,"skipped":0,"pct":100},"functions":{"total":1,"covered":1,"skipped":0,"pct":100},"statements":{"total":2,"covered":2,"skipped":0,"pct":100},"branches":{"total":0,"covered":0,"skipped":0,"pct":100}}
,"/home/fani/Documents/REACT/FinalProject/agri-net/agri-info-frontend/web/src/components/pages/SuperControlAdmins.js": {"lines":{"total":2,"covered":2,"skipped":0,"pct":100},"functions":{"total":1,"covered":1,"skipped":0,"pct":100},"statements":{"total":2,"covered":2,"skipped":0,"pct":100},"branches":{"total":0,"covered":0,"skipped":0,"pct":100}}
,"/home/fani/Documents/REACT/FinalProject/agri-net/agri-info-frontend/web/src/services/prodcutService.js": {"lines":{"total":20,"covered":11,"skipped":0,"pct":55},"functions":{"total":20,"covered":11,"skipped":0,"pct":55},"statements":{"total":20,"covered":11,"skipped":0,"pct":55},"branches":{"total":0,"covered":0,"skipped":0,"pct":100}}
}
