TN:
SF:src/App.js
FN:22,App
FNF:1
FNH:1
FNDA:39,App
DA:23,39
LF:1
LH:1
BRF:0
BRH:0
end_of_record
TN:
SF:src/httpbase.js
FNF:0
FNH:0
LF:0
LH:0
BRF:0
BRH:0
end_of_record
TN:
SF:src/index.js
FNF:0
FNH:0
DA:12,39
LF:1
LH:1
BRF:0
BRH:0
end_of_record
TN:
SF:src/components/Navbar.js
FN:5,Navbar
FN:9,(anonymous_1)
FN:10,(anonymous_2)
FNF:3
FNH:1
FNDA:39,Navbar
FNDA:0,(anonymous_1)
FNDA:0,(anonymous_2)
DA:6,39
DA:7,39
DA:9,39
DA:10,39
DA:31,39
LF:5
LH:5
BRDA:39,0,0,0
BRDA:39,0,1,39
BRDA:41,1,0,0
BRDA:41,1,1,39
BRF:4
BRH:2
end_of_record
TN:
SF:src/components/imports/BrodReceived.js
FN:7,(anonymous_0)
FN:37,(anonymous_1)
FN:42,appendLog
FN:50,(anonymous_3)
FN:66,(anonymous_4)
FN:71,(anonymous_5)
FN:112,(anonymous_6)
FN:128,(anonymous_7)
FN:139,(anonymous_8)
FN:153,(anonymous_9)
FN:164,(anonymous_10)
FN:169,(anonymous_11)
FN:175,(anonymous_12)
FN:181,(anonymous_13)
FN:187,(anonymous_14)
FN:193,(anonymous_15)
FN:201,(anonymous_16)
FN:203,(anonymous_17)
FN:209,(anonymous_18)
FN:214,(anonymous_19)
FN:222,(anonymous_20)
FN:229,(anonymous_21)
FN:231,(anonymous_22)
FN:235,(anonymous_23)
FN:240,(anonymous_24)
FN:247,(anonymous_25)
FN:253,(anonymous_26)
FN:258,(anonymous_27)
FNF:28
FNH:5
FNDA:2,(anonymous_0)
FNDA:2,(anonymous_1)
FNDA:1,appendLog
FNDA:0,(anonymous_3)
FNDA:1,(anonymous_4)
FNDA:0,(anonymous_5)
FNDA:0,(anonymous_6)
FNDA:0,(anonymous_7)
FNDA:0,(anonymous_8)
FNDA:0,(anonymous_9)
FNDA:0,(anonymous_10)
FNDA:0,(anonymous_11)
FNDA:0,(anonymous_12)
FNDA:0,(anonymous_13)
FNDA:0,(anonymous_14)
FNDA:0,(anonymous_15)
FNDA:0,(anonymous_16)
FNDA:0,(anonymous_17)
FNDA:0,(anonymous_18)
FNDA:0,(anonymous_19)
FNDA:0,(anonymous_20)
FNDA:0,(anonymous_21)
FNDA:0,(anonymous_22)
FNDA:0,(anonymous_23)
FNDA:0,(anonymous_24)
FNDA:0,(anonymous_25)
FNDA:0,(anonymous_26)
FNDA:2,(anonymous_27)
DA:8,2
DA:9,2
DA:10,2
DA:11,2
DA:12,2
DA:13,2
DA:14,2
DA:15,2
DA:16,2
DA:17,2
DA:18,2
DA:19,2
DA:21,2
DA:39,2
DA:40,2
DA:43,1
DA:44,1
DA:45,1
DA:46,1
DA:50,2
DA:51,0
DA:52,0
DA:54,0
DA:55,0
DA:57,0
DA:58,0
DA:59,0
DA:62,2
DA:63,2
DA:64,2
DA:66,2
DA:67,1
DA:68,1
DA:69,1
DA:71,2
DA:72,0
DA:73,0
DA:74,0
DA:75,0
DA:76,0
DA:80,0
DA:81,0
DA:82,0
DA:110,2
DA:112,2
DA:113,0
DA:114,0
DA:115,0
DA:116,0
DA:122,0
DA:124,0
DA:128,0
DA:129,0
DA:131,0
DA:132,0
DA:134,0
DA:139,0
DA:140,0
DA:148,0
DA:153,0
DA:154,0
DA:160,0
DA:164,2
DA:165,0
DA:166,0
DA:170,0
DA:176,0
DA:182,0
DA:188,0
DA:194,0
DA:196,0
DA:202,0
DA:204,0
DA:207,0
DA:210,0
DA:215,0
DA:216,0
DA:223,0
DA:230,0
DA:232,0
DA:233,0
DA:236,0
DA:241,0
DA:246,0
DA:248,0
DA:251,0
DA:254,0
DA:260,2
DA:261,2
DA:262,2
LF:90
LH:34
BRDA:45,0,0,1
BRDA:45,0,1,0
BRDA:51,1,0,0
BRDA:51,1,1,0
BRDA:54,2,0,0
BRDA:54,2,1,0
BRDA:62,3,0,2
BRDA:62,3,1,0
BRDA:166,4,0,0
BRDA:166,4,1,0
BRDA:166,5,0,0
BRDA:166,5,1,0
BRDA:323,6,0,0
BRDA:323,6,1,2
BRF:14
BRH:3
end_of_record
TN:
SF:src/components/imports/HeaderBrod.js
FN:5,(anonymous_0)
FNF:1
FNH:1
FNDA:2,(anonymous_0)
DA:5,39
DA:6,2
LF:2
LH:2
BRF:0
BRH:0
end_of_record
TN:
SF:src/components/imports/HeaderInfo.js
FN:5,(anonymous_0)
FNF:1
FNH:1
FNDA:24,(anonymous_0)
DA:5,39
DA:6,24
LF:2
LH:2
BRF:0
BRH:0
end_of_record
TN:
SF:src/components/imports/HeaderSuper.js
FN:6,(anonymous_0)
FNF:1
FNH:1
FNDA:26,(anonymous_0)
DA:6,39
DA:7,26
LF:2
LH:2
BRF:0
BRH:0
end_of_record
TN:
SF:src/components/imports/LoginPageImp.js
FN:11,(anonymous_0)
FN:105,(anonymous_1)
FN:112,(anonymous_2)
FN:118,(anonymous_3)
FN:129,(anonymous_4)
FN:208,(anonymous_5)
FN:218,(anonymous_6)
FN:243,(anonymous_7)
FNF:8
FNH:6
FNDA:39,(anonymous_0)
FNDA:197,(anonymous_1)
FNDA:990,(anonymous_2)
FNDA:39,(anonymous_3)
FNDA:37,(anonymous_4)
FNDA:0,(anonymous_5)
FNDA:0,(anonymous_6)
FNDA:1263,(anonymous_7)
DA:12,39
DA:13,39
DA:14,39
DA:15,39
DA:16,39
DA:33,39
DA:106,197
DA:113,990
DA:119,39
DA:120,39
DA:125,39
DA:128,39
DA:130,37
DA:132,37
DA:133,37
DA:163,37
DA:164,37
DA:165,37
DA:166,37
DA:167,37
DA:168,37
DA:169,37
DA:170,37
DA:173,37
DA:175,22
DA:177,15
DA:179,15
DA:182,0
DA:183,0
DA:185,0
DA:186,0
DA:188,0
DA:189,0
DA:192,0
DA:194,37
DA:195,37
DA:196,37
DA:199,0
DA:204,0
DA:205,0
DA:209,0
DA:213,0
DA:214,0
DA:219,0
DA:244,1263
DA:245,1263
DA:246,1263
DA:247,1263
LF:48
LH:34
BRDA:132,0,0,37
BRDA:132,0,1,0
BRDA:173,1,0,22
BRDA:173,1,1,15
BRDA:177,2,0,15
BRDA:177,2,1,0
BRDA:182,3,0,0
BRDA:182,3,1,0
BRDA:185,4,0,0
BRDA:185,4,1,0
BRDA:188,5,0,0
BRDA:188,5,1,0
BRF:12
BRH:4
end_of_record
TN:
SF:src/components/imports/ProductComponent.js
FN:8,(anonymous_0)
FN:33,(anonymous_1)
FN:55,(anonymous_2)
FN:58,(anonymous_3)
FN:77,(anonymous_4)
FN:79,(anonymous_5)
FN:101,(anonymous_6)
FN:106,(anonymous_7)
FN:125,(anonymous_8)
FN:135,(anonymous_9)
FN:140,(anonymous_10)
FN:142,(anonymous_11)
FN:146,(anonymous_12)
FN:151,(anonymous_13)
FNF:14
FNH:9
FNDA:4,(anonymous_0)
FNDA:4,(anonymous_1)
FNDA:8,(anonymous_2)
FNDA:8,(anonymous_3)
FNDA:4,(anonymous_4)
FNDA:4,(anonymous_5)
FNDA:0,(anonymous_6)
FNDA:4,(anonymous_7)
FNDA:4,(anonymous_8)
FNDA:0,(anonymous_9)
FNDA:0,(anonymous_10)
FNDA:0,(anonymous_11)
FNDA:0,(anonymous_12)
FNDA:20,(anonymous_13)
DA:9,4
DA:10,4
DA:11,4
DA:13,4
DA:14,4
DA:16,4
DA:34,4
DA:35,4
DA:36,4
DA:56,8
DA:58,8
DA:59,8
DA:78,4
DA:80,4
DA:95,4
DA:96,4
DA:97,4
DA:102,0
DA:107,4
DA:114,4
DA:117,4
DA:118,4
DA:119,4
DA:126,4
DA:127,4
DA:136,0
DA:141,0
DA:143,0
DA:144,0
DA:147,0
DA:152,20
DA:153,20
DA:158,20
LF:33
LH:27
BRDA:187,0,0,20
BRDA:187,0,1,0
BRF:2
BRH:1
end_of_record
TN:
SF:src/components/imports/Products.js
FN:8,(anonymous_0)
FN:58,(anonymous_1)
FN:68,(anonymous_2)
FN:76,(anonymous_3)
FN:78,(anonymous_4)
FN:88,(anonymous_5)
FN:93,(anonymous_6)
FN:101,(anonymous_7)
FN:108,(anonymous_8)
FN:110,(anonymous_9)
FN:114,(anonymous_10)
FN:119,(anonymous_11)
FN:126,(anonymous_12)
FN:127,(anonymous_13)
FN:135,(anonymous_14)
FN:140,(anonymous_15)
FN:196,(anonymous_16)
FN:201,(anonymous_17)
FNF:18
FNH:12
FNDA:24,(anonymous_0)
FNDA:24,(anonymous_1)
FNDA:8,(anonymous_2)
FNDA:24,(anonymous_3)
FNDA:20,(anonymous_4)
FNDA:0,(anonymous_5)
FNDA:0,(anonymous_6)
FNDA:8,(anonymous_7)
FNDA:0,(anonymous_8)
FNDA:0,(anonymous_9)
FNDA:0,(anonymous_10)
FNDA:6,(anonymous_11)
FNDA:6,(anonymous_12)
FNDA:6,(anonymous_13)
FNDA:0,(anonymous_14)
FNDA:72,(anonymous_15)
FNDA:346,(anonymous_16)
FNDA:8,(anonymous_17)
DA:9,24
DA:10,24
DA:11,24
DA:12,24
DA:13,24
DA:14,24
DA:15,24
DA:18,24
DA:59,24
DA:60,24
DA:61,24
DA:62,24
DA:65,24
DA:69,8
DA:71,8
DA:77,24
DA:79,20
DA:85,20
DA:86,20
DA:89,0
DA:94,0
DA:95,0
DA:102,8
DA:109,0
DA:111,0
DA:112,0
DA:115,0
DA:120,6
DA:125,6
DA:127,6
DA:133,6
DA:136,0
DA:141,72
DA:142,72
DA:143,72
DA:144,72
DA:145,72
DA:197,346
DA:201,8
LF:39
LH:31
BRDA:199,0,0,8
BRDA:199,0,1,338
BRDA:241,1,0,8
BRDA:241,1,1,64
BRF:4
BRH:4
end_of_record
TN:
SF:src/components/imports/ProductsSuper.js
FN:8,(anonymous_0)
FN:57,(anonymous_1)
FN:63,(anonymous_2)
FN:71,(anonymous_3)
FN:73,(anonymous_4)
FN:79,(anonymous_5)
FN:84,(anonymous_6)
FN:92,(anonymous_7)
FN:99,(anonymous_8)
FN:101,(anonymous_9)
FN:105,(anonymous_10)
FN:110,(anonymous_11)
FN:117,(anonymous_12)
FN:118,(anonymous_13)
FN:126,(anonymous_14)
FN:131,(anonymous_15)
FN:182,(anonymous_16)
FN:187,(anonymous_17)
FNF:18
FNH:5
FNDA:15,(anonymous_0)
FNDA:15,(anonymous_1)
FNDA:0,(anonymous_2)
FNDA:15,(anonymous_3)
FNDA:15,(anonymous_4)
FNDA:0,(anonymous_5)
FNDA:0,(anonymous_6)
FNDA:0,(anonymous_7)
FNDA:0,(anonymous_8)
FNDA:0,(anonymous_9)
FNDA:0,(anonymous_10)
FNDA:0,(anonymous_11)
FNDA:0,(anonymous_12)
FNDA:0,(anonymous_13)
FNDA:0,(anonymous_14)
FNDA:15,(anonymous_15)
FNDA:0,(anonymous_16)
FNDA:0,(anonymous_17)
DA:9,15
DA:10,15
DA:11,15
DA:12,15
DA:13,15
DA:14,15
DA:15,15
DA:17,15
DA:58,15
DA:59,15
DA:60,15
DA:64,0
DA:66,0
DA:72,15
DA:74,15
DA:77,15
DA:80,0
DA:85,0
DA:86,0
DA:93,0
DA:100,0
DA:102,0
DA:103,0
DA:106,0
DA:111,0
DA:116,0
DA:118,0
DA:124,0
DA:127,0
DA:132,15
DA:133,15
DA:134,15
DA:135,15
DA:183,0
DA:187,0
LF:35
LH:18
BRDA:185,0,0,0
BRDA:185,0,1,0
BRDA:209,1,0,0
BRDA:209,1,1,15
BRF:4
BRH:1
end_of_record
TN:
SF:src/components/imports/SuperAdminAddPr.js
FN:10,(anonymous_0)
FN:41,(anonymous_1)
FN:129,(anonymous_2)
FN:187,(anonymous_3)
FN:243,(anonymous_4)
FN:253,(anonymous_5)
FN:272,(anonymous_6)
FN:310,(anonymous_7)
FN:315,(anonymous_8)
FN:336,(anonymous_9)
FNF:10
FNH:7
FNDA:2,(anonymous_0)
FNDA:14,(anonymous_1)
FNDA:2,(anonymous_2)
FNDA:10,(anonymous_3)
FNDA:8,(anonymous_4)
FNDA:2,(anonymous_5)
FNDA:0,(anonymous_6)
FNDA:0,(anonymous_7)
FNDA:0,(anonymous_8)
FNDA:36,(anonymous_9)
DA:11,2
DA:12,2
DA:13,2
DA:14,2
DA:16,2
DA:17,2
DA:18,2
DA:21,2
DA:42,14
DA:130,2
DA:188,10
DA:244,8
DA:254,2
DA:267,2
DA:268,2
DA:269,2
DA:271,2
DA:273,0
DA:274,0
DA:307,0
DA:311,0
DA:318,0
DA:340,36
LF:23
LH:18
BRDA:356,0,0,0
BRDA:356,0,1,36
BRF:2
BRH:1
end_of_record
TN:
SF:src/components/imports/SuperAdminDictionary.js
FN:11,(anonymous_0)
FN:53,(anonymous_1)
FN:60,(anonymous_2)
FN:70,(anonymous_3)
FN:81,(anonymous_4)
FN:90,(anonymous_5)
FN:96,(anonymous_6)
FN:104,(anonymous_7)
FN:112,(anonymous_8)
FN:116,(anonymous_9)
FN:124,(anonymous_10)
FN:130,(anonymous_11)
FN:150,(anonymous_12)
FN:181,(anonymous_13)
FN:188,(anonymous_14)
FN:205,(anonymous_15)
FN:235,(anonymous_16)
FN:241,(anonymous_17)
FN:257,(anonymous_18)
FN:262,(anonymous_19)
FN:267,(anonymous_20)
FN:391,(anonymous_21)
FN:396,(anonymous_22)
FNF:23
FNH:13
FNDA:5,(anonymous_0)
FNDA:5,(anonymous_1)
FNDA:0,(anonymous_2)
FNDA:2,(anonymous_3)
FNDA:22,(anonymous_4)
FNDA:22,(anonymous_5)
FNDA:0,(anonymous_6)
FNDA:1,(anonymous_7)
FNDA:5,(anonymous_8)
FNDA:5,(anonymous_9)
FNDA:0,(anonymous_10)
FNDA:2,(anonymous_11)
FNDA:2,(anonymous_12)
FNDA:0,(anonymous_13)
FNDA:0,(anonymous_14)
FNDA:0,(anonymous_15)
FNDA:0,(anonymous_16)
FNDA:0,(anonymous_17)
FNDA:0,(anonymous_18)
FNDA:0,(anonymous_19)
FNDA:59,(anonymous_20)
FNDA:370,(anonymous_21)
FNDA:1,(anonymous_22)
DA:12,5
DA:14,5
DA:15,5
DA:16,5
DA:17,5
DA:18,5
DA:19,5
DA:20,5
DA:21,5
DA:22,5
DA:23,5
DA:25,5
DA:54,5
DA:55,5
DA:63,0
DA:71,2
DA:82,22
DA:91,22
DA:97,0
DA:98,0
DA:105,1
DA:113,5
DA:114,5
DA:115,5
DA:117,5
DA:122,5
DA:125,0
DA:131,2
DA:132,2
DA:145,2
DA:146,2
DA:147,2
DA:149,2
DA:151,2
DA:152,2
DA:178,2
DA:182,0
DA:189,0
DA:194,0
DA:199,0
DA:201,0
DA:202,0
DA:204,0
DA:206,0
DA:207,0
DA:233,0
DA:236,0
DA:243,0
DA:250,0
DA:251,0
DA:252,0
DA:253,0
DA:254,0
DA:256,0
DA:258,0
DA:259,0
DA:263,0
DA:268,59
DA:269,59
DA:270,59
DA:271,59
DA:274,59
DA:392,370
DA:396,1
LF:64
LH:39
BRDA:394,0,0,1
BRDA:394,0,1,369
BRDA:432,1,0,1
BRDA:432,1,1,58
BRF:4
BRH:4
end_of_record
TN:
SF:src/components/imports/SuperAdminDictionaryEdit.js
FN:9,(anonymous_0)
FN:32,(anonymous_1)
FN:41,(anonymous_2)
FN:57,(anonymous_3)
FN:64,(anonymous_4)
FN:87,(anonymous_5)
FN:117,(anonymous_6)
FN:142,(anonymous_7)
FN:152,(anonymous_8)
FN:157,(anonymous_9)
FN:160,(anonymous_10)
FN:164,(anonymous_11)
FN:169,(anonymous_12)
FNF:13
FNH:6
FNDA:1,(anonymous_0)
FNDA:1,(anonymous_1)
FNDA:0,(anonymous_2)
FNDA:0,(anonymous_3)
FNDA:14,(anonymous_4)
FNDA:1,(anonymous_5)
FNDA:1,(anonymous_6)
FNDA:0,(anonymous_7)
FNDA:0,(anonymous_8)
FNDA:0,(anonymous_9)
FNDA:0,(anonymous_10)
FNDA:0,(anonymous_11)
FNDA:16,(anonymous_12)
DA:10,1
DA:11,1
DA:12,1
DA:13,1
DA:14,1
DA:15,1
DA:16,1
DA:19,1
DA:33,1
DA:42,0
DA:43,0
DA:58,0
DA:65,14
DA:90,1
DA:105,1
DA:118,1
DA:131,1
DA:134,1
DA:135,1
DA:136,1
DA:143,0
DA:144,0
DA:153,0
DA:158,0
DA:159,0
DA:161,0
DA:162,0
DA:165,0
DA:170,16
DA:171,16
DA:172,16
DA:173,16
DA:178,16
LF:33
LH:22
BRDA:194,0,0,16
BRDA:194,0,1,0
BRF:2
BRH:1
end_of_record
TN:
SF:src/components/imports/SuperAdminRegisterAdmin.js
FN:11,(anonymous_0)
FN:57,(anonymous_1)
FN:63,(anonymous_2)
FN:76,(anonymous_3)
FN:89,(anonymous_4)
FN:109,(anonymous_5)
FN:139,(anonymous_6)
FN:144,(anonymous_7)
FN:179,(anonymous_8)
FNF:9
FNH:6
FNDA:2,(anonymous_0)
FNDA:14,(anonymous_1)
FNDA:14,(anonymous_2)
FNDA:44,(anonymous_3)
FNDA:2,(anonymous_4)
FNDA:0,(anonymous_5)
FNDA:0,(anonymous_6)
FNDA:0,(anonymous_7)
FNDA:74,(anonymous_8)
DA:12,2
DA:13,2
DA:14,2
DA:16,2
DA:18,2
DA:19,2
DA:34,2
DA:58,14
DA:64,14
DA:77,44
DA:90,2
DA:91,2
DA:92,2
DA:93,2
DA:103,2
DA:105,2
DA:106,2
DA:108,2
DA:110,0
DA:137,0
DA:140,0
DA:145,0
DA:180,74
DA:181,74
DA:182,74
LF:25
LH:21
BRDA:198,0,0,0
BRDA:198,0,1,74
BRF:2
BRH:1
end_of_record
TN:
SF:src/components/imports/SuperControlAdmin.js
FN:10,(anonymous_0)
FN:58,(anonymous_1)
FN:63,(anonymous_2)
FN:71,(anonymous_3)
FN:73,(anonymous_4)
FN:79,(anonymous_5)
FN:84,(anonymous_6)
FN:92,(anonymous_7)
FN:99,(anonymous_8)
FN:101,(anonymous_9)
FN:105,(anonymous_10)
FN:110,(anonymous_11)
FN:117,(anonymous_12)
FN:123,(anonymous_13)
FN:128,(anonymous_14)
FN:132,(anonymous_15)
FN:141,(anonymous_16)
FN:146,(anonymous_17)
FN:189,(anonymous_18)
FN:194,(anonymous_19)
FNF:20
FNH:6
FNDA:6,(anonymous_0)
FNDA:6,(anonymous_1)
FNDA:0,(anonymous_2)
FNDA:6,(anonymous_3)
FNDA:6,(anonymous_4)
FNDA:0,(anonymous_5)
FNDA:0,(anonymous_6)
FNDA:0,(anonymous_7)
FNDA:0,(anonymous_8)
FNDA:0,(anonymous_9)
FNDA:0,(anonymous_10)
FNDA:0,(anonymous_11)
FNDA:0,(anonymous_12)
FNDA:0,(anonymous_13)
FNDA:0,(anonymous_14)
FNDA:0,(anonymous_15)
FNDA:0,(anonymous_16)
FNDA:10,(anonymous_17)
FNDA:12,(anonymous_18)
FNDA:0,(anonymous_19)
DA:11,6
DA:12,6
DA:13,6
DA:14,6
DA:15,6
DA:16,6
DA:17,6
DA:18,6
DA:20,6
DA:59,6
DA:60,6
DA:64,0
DA:66,0
DA:72,6
DA:74,6
DA:77,6
DA:80,0
DA:85,0
DA:86,0
DA:93,0
DA:100,0
DA:102,0
DA:103,0
DA:106,0
DA:111,0
DA:116,0
DA:118,0
DA:121,0
DA:124,0
DA:129,0
DA:130,0
DA:131,0
DA:133,0
DA:137,0
DA:138,0
DA:139,0
DA:142,0
DA:147,10
DA:148,10
DA:151,10
DA:190,12
DA:194,0
LF:42
LH:18
BRDA:192,0,0,0
BRDA:192,0,1,12
BRDA:229,1,0,0
BRDA:229,1,1,10
BRF:4
BRH:2
end_of_record
TN:
SF:src/components/pages/BroadcastRec.js
FN:6,(anonymous_0)
FNF:1
FNH:1
FNDA:2,(anonymous_0)
DA:6,39
DA:7,2
LF:2
LH:2
BRF:0
BRH:0
end_of_record
TN:
SF:src/components/pages/InfoAdmin.js
FN:5,(anonymous_0)
FNF:1
FNH:1
FNDA:24,(anonymous_0)
DA:5,39
DA:6,24
LF:2
LH:2
BRF:0
BRH:0
end_of_record
TN:
SF:src/components/pages/LoginPage.js
FN:5,(anonymous_0)
FNF:1
FNH:1
FNDA:39,(anonymous_0)
DA:5,39
DA:6,39
LF:2
LH:2
BRF:0
BRH:0
end_of_record
TN:
SF:src/components/pages/SuperAdminDictionary.js
FN:5,(anonymous_0)
FNF:1
FNH:1
FNDA:5,(anonymous_0)
DA:5,39
DA:6,5
LF:2
LH:2
BRF:0
BRH:0
end_of_record
TN:
SF:src/components/pages/SuperAdminProd.js
FN:5,(anonymous_0)
FNF:1
FNH:1
FNDA:15,(anonymous_0)
DA:5,39
DA:6,15
LF:2
LH:2
BRF:0
BRH:0
end_of_record
TN:
SF:src/components/pages/SuperControlAdmins.js
FN:5,(anonymous_0)
FNF:1
FNH:1
FNDA:6,(anonymous_0)
DA:5,39
DA:6,6
LF:2
LH:2
BRF:0
BRH:0
end_of_record
TN:
SF:src/services/prodcutService.js
FN:7,(anonymous_0)
FN:14,(anonymous_1)
FN:18,(anonymous_2)
FN:22,(anonymous_3)
FN:30,(anonymous_4)
FN:38,(anonymous_5)
FN:53,(anonymous_6)
FN:58,(anonymous_7)
FN:62,(anonymous_8)
FN:68,(anonymous_9)
FN:72,(anonymous_10)
FN:80,(anonymous_11)
FN:100,(anonymous_12)
FN:110,(anonymous_13)
FN:120,(anonymous_14)
FN:130,(anonymous_15)
FN:140,(anonymous_16)
FN:159,(anonymous_17)
FN:177,(anonymous_18)
FN:187,(anonymous_19)
FNF:20
FNH:11
FNDA:39,(anonymous_0)
FNDA:0,(anonymous_1)
FNDA:39,(anonymous_2)
FNDA:4,(anonymous_3)
FNDA:2,(anonymous_4)
FNDA:4,(anonymous_5)
FNDA:0,(anonymous_6)
FNDA:0,(anonymous_7)
FNDA:6,(anonymous_8)
FNDA:6,(anonymous_9)
FNDA:0,(anonymous_10)
FNDA:2,(anonymous_11)
FNDA:2,(anonymous_12)
FNDA:0,(anonymous_13)
FNDA:5,(anonymous_14)
FNDA:0,(anonymous_15)
FNDA:1,(anonymous_16)
FNDA:0,(anonymous_17)
FNDA:0,(anonymous_18)
FNDA:0,(anonymous_19)
DA:8,39
DA:15,0
DA:19,39
DA:23,4
DA:31,2
DA:39,4
DA:54,0
DA:59,0
DA:63,6
DA:69,6
DA:73,0
DA:81,2
DA:101,2
DA:111,0
DA:121,5
DA:131,0
DA:141,1
DA:160,0
DA:178,0
DA:188,0
LF:20
LH:11
BRF:0
BRH:0
end_of_record
